This file contains any messages produced by compilers while
running configure, to aid debugging if configure makes a mistake.

It was created by jansson configure 2.5, which was
generated by GNU Autoconf 2.67.  Invocation command line was

  $ ./configure --disable-option-checking --prefix=/usr/local CFLAGS=-O2 -Wall -march=native --enable-opencl --enable-gridseed --cache-file=/dev/null --srcdir=.

## --------- ##
## Platform. ##
## --------- ##

hostname = pimp
uname -m = i686
uname -r = 2.6.32-5-686-bigmem
uname -s = Linux
uname -v = #1 SMP Tue May 13 16:55:48 UTC 2014

/usr/bin/uname -p = unknown
/bin/uname -X     = unknown

/bin/arch              = unknown
/usr/bin/arch -k       = unknown
/usr/convex/getsysinfo = unknown
/usr/bin/hostinfo      = unknown
/bin/machine           = unknown
/usr/bin/oslevel       = unknown
/bin/universe          = unknown

PATH: /usr/local/sbin
PATH: /usr/local/bin
PATH: /usr/sbin
PATH: /usr/bin
PATH: /sbin
PATH: /bin
PATH: /opt/ifmi
PATH: /opt/pimp
PATH: /opt/sgminer-4.1.0


## ----------- ##
## Core tests. ##
## ----------- ##

configure:2435: checking for a BSD-compatible install
configure:2503: result: /usr/bin/install -c
configure:2514: checking whether build environment is sane
configure:2564: result: yes
configure:2705: checking for a thread-safe mkdir -p
configure:2744: result: /bin/mkdir -p
configure:2757: checking for gawk
configure:2787: result: no
configure:2757: checking for mawk
configure:2773: found /usr/bin/mawk
configure:2784: result: mawk
configure:2795: checking whether make sets $(MAKE)
configure:2817: result: yes
configure:2963: checking for gcc
configure:2979: found /usr/bin/gcc
configure:2990: result: gcc
configure:3219: checking for C compiler version
configure:3228: gcc --version >&5
gcc (Debian 4.4.5-8) 4.4.5
Copyright (C) 2010 Free Software Foundation, Inc.
This is free software; see the source for copying conditions.  There is NO
warranty; not even for MERCHANTABILITY or FITNESS FOR A PARTICULAR PURPOSE.

configure:3239: $? = 0
configure:3228: gcc -v >&5
Using built-in specs.
Target: i486-linux-gnu
Configured with: ../src/configure -v --with-pkgversion='Debian 4.4.5-8' --with-bugurl=file:///usr/share/doc/gcc-4.4/README.Bugs --enable-languages=c,c++,fortran,objc,obj-c++ --prefix=/usr --program-suffix=-4.4 --enable-shared --enable-multiarch --enable-linker-build-id --with-system-zlib --libexecdir=/usr/lib --without-included-gettext --enable-threads=posix --with-gxx-include-dir=/usr/include/c++/4.4 --libdir=/usr/lib --enable-nls --enable-clocale=gnu --enable-libstdcxx-debug --enable-objc-gc --enable-targets=all --with-arch-32=i586 --with-tune=generic --enable-checking=release --build=i486-linux-gnu --host=i486-linux-gnu --target=i486-linux-gnu
Thread model: posix
gcc version 4.4.5 (Debian 4.4.5-8) 
configure:3239: $? = 0
configure:3228: gcc -V >&5
gcc: '-V' option must have argument
configure:3239: $? = 1
configure:3228: gcc -qversion >&5
gcc: unrecognized option '-qversion'
gcc: no input files
configure:3239: $? = 1
configure:3259: checking whether the C compiler works
configure:3281: gcc -O2 -Wall -march=native   conftest.c  >&5
configure:3285: $? = 0
configure:3333: result: yes
configure:3336: checking for C compiler default output file name
configure:3338: result: a.out
configure:3344: checking for suffix of executables
configure:3351: gcc -o conftest -O2 -Wall -march=native   conftest.c  >&5
configure:3355: $? = 0
configure:3377: result: 
configure:3399: checking whether we are cross compiling
configure:3407: gcc -o conftest -O2 -Wall -march=native   conftest.c  >&5
configure:3411: $? = 0
configure:3418: ./conftest
configure:3422: $? = 0
configure:3437: result: no
configure:3442: checking for suffix of object files
configure:3464: gcc -c -O2 -Wall -march=native  conftest.c >&5
configure:3468: $? = 0
configure:3489: result: o
configure:3493: checking whether we are using the GNU C compiler
configure:3512: gcc -c -O2 -Wall -march=native  conftest.c >&5
configure:3512: $? = 0
configure:3521: result: yes
configure:3530: checking whether gcc accepts -g
configure:3550: gcc -c -g  conftest.c >&5
configure:3550: $? = 0
configure:3591: result: yes
configure:3608: checking for gcc option to accept ISO C89
configure:3672: gcc  -c -O2 -Wall -march=native  conftest.c >&5
configure:3672: $? = 0
configure:3685: result: none needed
configure:3716: checking for style of include used by make
configure:3744: result: GNU
configure:3769: checking dependency style of gcc
configure:3879: result: gcc3
configure:3923: checking build system type
configure:3937: result: i686-pc-linux-gnu
configure:3957: checking host system type
configure:3970: result: i686-pc-linux-gnu
configure:3990: checking for a sed that does not truncate output
configure:4054: result: /bin/sed
configure:4072: checking for grep that handles long lines and -e
configure:4130: result: /bin/grep
configure:4135: checking for egrep
configure:4197: result: /bin/grep -E
configure:4202: checking for fgrep
configure:4264: result: /bin/grep -F
configure:4299: checking for ld used by gcc
configure:4366: result: /usr/bin/ld
configure:4373: checking if the linker (/usr/bin/ld) is GNU ld
configure:4388: result: yes
configure:4400: checking for BSD- or MS-compatible name lister (nm)
configure:4449: result: /usr/bin/nm -B
configure:4567: checking the name lister (/usr/bin/nm -B) interface
configure:4574: gcc -c -O2 -Wall -march=native  conftest.c >&5
configure:4577: /usr/bin/nm -B "conftest.o"
configure:4580: output
00000000 B some_variable
configure:4587: result: BSD nm
configure:4590: checking whether ln -s works
configure:4594: result: yes
configure:4602: checking the maximum length of command line arguments
configure:4722: result: 1572864
configure:4739: checking whether the shell understands some XSI constructs
configure:4749: result: yes
configure:4753: checking whether the shell understands "+="
configure:4759: result: yes
configure:4794: checking for /usr/bin/ld option to reload object files
configure:4801: result: -r
configure:4870: checking for objdump
configure:4886: found /usr/bin/objdump
configure:4897: result: objdump
configure:4929: checking how to recognize dependent libraries
configure:5125: result: pass_all
configure:5185: checking for ar
configure:5201: found /usr/bin/ar
configure:5212: result: ar
configure:5290: checking for strip
configure:5306: found /usr/bin/strip
configure:5317: result: strip
configure:5389: checking for ranlib
configure:5405: found /usr/bin/ranlib
configure:5416: result: ranlib
configure:5506: checking command to parse /usr/bin/nm -B output from gcc object
configure:5624: gcc -c -O2 -Wall -march=native  conftest.c >&5
configure:5627: $? = 0
configure:5631: /usr/bin/nm -B conftest.o \| sed -n -e 's/^.*[	 ]\([ABCDGIRSTW][ABCDGIRSTW]*\)[	 ][	 ]*\([_A-Za-z][_A-Za-z0-9]*\)$/\1 \2 \2/p' \> conftest.nm
configure:5634: $? = 0
configure:5688: gcc -o conftest -O2 -Wall -march=native   conftest.c conftstm.o >&5
configure:5691: $? = 0
configure:5729: result: ok
configure:6538: checking how to run the C preprocessor
configure:6569: gcc -E  conftest.c
configure:6569: $? = 0
configure:6583: gcc -E  conftest.c
conftest.c:11:28: error: ac_nonexistent.h: No such file or directory
configure:6583: $? = 1
configure: failed program was:
| /* confdefs.h */
| #define PACKAGE_NAME "jansson"
| #define PACKAGE_TARNAME "jansson"
| #define PACKAGE_VERSION "2.5"
| #define PACKAGE_STRING "jansson 2.5"
| #define PACKAGE_BUGREPORT "petri@digip.org"
| #define PACKAGE_URL ""
| #define PACKAGE "jansson"
| #define VERSION "2.5"
| /* end confdefs.h.  */
| #include <ac_nonexistent.h>
configure:6608: result: gcc -E
configure:6628: gcc -E  conftest.c
configure:6628: $? = 0
configure:6642: gcc -E  conftest.c
conftest.c:11:28: error: ac_nonexistent.h: No such file or directory
configure:6642: $? = 1
configure: failed program was:
| /* confdefs.h */
| #define PACKAGE_NAME "jansson"
| #define PACKAGE_TARNAME "jansson"
| #define PACKAGE_VERSION "2.5"
| #define PACKAGE_STRING "jansson 2.5"
| #define PACKAGE_BUGREPORT "petri@digip.org"
| #define PACKAGE_URL ""
| #define PACKAGE "jansson"
| #define VERSION "2.5"
| /* end confdefs.h.  */
| #include <ac_nonexistent.h>
configure:6671: checking for ANSI C header files
configure:6691: gcc -c -O2 -Wall -march=native  conftest.c >&5
configure:6691: $? = 0
configure:6764: gcc -o conftest -O2 -Wall -march=native   conftest.c  >&5
configure:6764: $? = 0
configure:6764: ./conftest
configure:6764: $? = 0
configure:6775: result: yes
configure:6788: checking for sys/types.h
configure:6788: gcc -c -O2 -Wall -march=native  conftest.c >&5
configure:6788: $? = 0
configure:6788: result: yes
configure:6788: checking for sys/stat.h
configure:6788: gcc -c -O2 -Wall -march=native  conftest.c >&5
configure:6788: $? = 0
configure:6788: result: yes
configure:6788: checking for stdlib.h
configure:6788: gcc -c -O2 -Wall -march=native  conftest.c >&5
configure:6788: $? = 0
configure:6788: result: yes
configure:6788: checking for string.h
configure:6788: gcc -c -O2 -Wall -march=native  conftest.c >&5
configure:6788: $? = 0
configure:6788: result: yes
configure:6788: checking for memory.h
configure:6788: gcc -c -O2 -Wall -march=native  conftest.c >&5
configure:6788: $? = 0
configure:6788: result: yes
configure:6788: checking for strings.h
configure:6788: gcc -c -O2 -Wall -march=native  conftest.c >&5
configure:6788: $? = 0
configure:6788: result: yes
configure:6788: checking for inttypes.h
configure:6788: gcc -c -O2 -Wall -march=native  conftest.c >&5
configure:6788: $? = 0
configure:6788: result: yes
configure:6788: checking for stdint.h
configure:6788: gcc -c -O2 -Wall -march=native  conftest.c >&5
configure:6788: $? = 0
configure:6788: result: yes
configure:6788: checking for unistd.h
configure:6788: gcc -c -O2 -Wall -march=native  conftest.c >&5
configure:6788: $? = 0
configure:6788: result: yes
configure:6802: checking for dlfcn.h
configure:6802: gcc -c -O2 -Wall -march=native  conftest.c >&5
configure:6802: $? = 0
configure:6802: result: yes
configure:6986: checking for objdir
configure:7001: result: .libs
configure:7297: checking if gcc supports -fno-rtti -fno-exceptions
configure:7315: gcc -c -O2 -Wall -march=native  -fno-rtti -fno-exceptions conftest.c >&5
cc1: warning: command line option "-fno-rtti" is valid for C++/ObjC++ but not for C
configure:7319: $? = 0
configure:7332: result: no
configure:7352: checking for gcc option to produce PIC
configure:7624: result: -fPIC -DPIC
configure:7636: checking if gcc PIC flag -fPIC -DPIC works
configure:7654: gcc -c -O2 -Wall -march=native  -fPIC -DPIC -DPIC conftest.c >&5
configure:7658: $? = 0
configure:7671: result: yes
configure:7695: checking if gcc static flag -static works
configure:7723: result: yes
configure:7738: checking if gcc supports -c -o file.o
configure:7759: gcc -c -O2 -Wall -march=native  -o out/conftest2.o conftest.c >&5
configure:7763: $? = 0
configure:7785: result: yes
configure:7793: checking if gcc supports -c -o file.o
configure:7840: result: yes
configure:7873: checking whether the gcc linker (/usr/bin/ld) supports shared libraries
configure:8864: result: yes
configure:8901: checking whether -lc should be explicitly linked in
configure:8906: gcc -c -O2 -Wall -march=native  conftest.c >&5
configure:8909: $? = 0
configure:8924: gcc -shared conftest.o  -v -Wl,-soname -Wl,conftest -o conftest 2\>\&1 \| /bin/grep  -lc  \>/dev/null 2\>\&1
configure:8927: $? = 0
configure:8939: result: no
configure:9103: checking dynamic linker characteristics
configure:9536: gcc -o conftest -O2 -Wall -march=native   -Wl,-rpath -Wl,/foo conftest.c  >&5
configure:9536: $? = 0
configure:9766: result: GNU/Linux ld.so
configure:9868: checking how to hardcode library paths into programs
configure:9893: result: immediate
configure:10413: checking whether stripping libraries is possible
configure:10418: result: yes
configure:10453: checking if libtool supports shared libraries
configure:10455: result: yes
configure:10458: checking whether to build shared libraries
configure:10479: result: yes
configure:10482: checking whether to build static libraries
configure:10486: result: yes
configure:10535: checking locale.h usability
configure:10535: gcc -c -O2 -Wall -march=native  conftest.c >&5
configure:10535: $? = 0
configure:10535: result: yes
configure:10535: checking locale.h presence
configure:10535: gcc -E  conftest.c
configure:10535: $? = 0
configure:10535: result: yes
configure:10535: checking for locale.h
configure:10535: result: yes
configure:10547: checking for int32_t
configure:10547: gcc -c -O2 -Wall -march=native  conftest.c >&5
configure:10547: $? = 0
configure:10547: gcc -c -O2 -Wall -march=native  conftest.c >&5
conftest.c: In function 'main':
conftest.c:62: warning: integer overflow in expression
conftest.c:62: error: size of array 'test_array' is negative
configure:10547: $? = 1
configure: failed program was:
| /* confdefs.h */
| #define PACKAGE_NAME "jansson"
| #define PACKAGE_TARNAME "jansson"
| #define PACKAGE_VERSION "2.5"
| #define PACKAGE_STRING "jansson 2.5"
| #define PACKAGE_BUGREPORT "petri@digip.org"
| #define PACKAGE_URL ""
| #define PACKAGE "jansson"
| #define VERSION "2.5"
| #define STDC_HEADERS 1
| #define HAVE_SYS_TYPES_H 1
| #define HAVE_SYS_STAT_H 1
| #define HAVE_STDLIB_H 1
| #define HAVE_STRING_H 1
| #define HAVE_MEMORY_H 1
| #define HAVE_STRINGS_H 1
| #define HAVE_INTTYPES_H 1
| #define HAVE_STDINT_H 1
| #define HAVE_UNISTD_H 1
| #define HAVE_DLFCN_H 1
| #define LT_OBJDIR ".libs/"
| #define HAVE_LOCALE_H 1
| /* end confdefs.h.  */
| #include <stdio.h>
| #ifdef HAVE_SYS_TYPES_H
| # include <sys/types.h>
| #endif
| #ifdef HAVE_SYS_STAT_H
| # include <sys/stat.h>
| #endif
| #ifdef STDC_HEADERS
| # include <stdlib.h>
| # include <stddef.h>
| #else
| # ifdef HAVE_STDLIB_H
| #  include <stdlib.h>
| # endif
| #endif
| #ifdef HAVE_STRING_H
| # if !defined STDC_HEADERS && defined HAVE_MEMORY_H
| #  include <memory.h>
| # endif
| # include <string.h>
| #endif
| #ifdef HAVE_STRINGS_H
| # include <strings.h>
| #endif
| #ifdef HAVE_INTTYPES_H
| # include <inttypes.h>
| #endif
| #ifdef HAVE_STDINT_H
| # include <stdint.h>
| #endif
| #ifdef HAVE_UNISTD_H
| # include <unistd.h>
| #endif
| 	        enum { N = 32 / 2 - 1 };
| int
| main ()
| {
| static int test_array [1 - 2 * !((int32_t) (((((int32_t) 1 << N) << N) - 1) * 2 + 1)
| 		 < (int32_t) (((((int32_t) 1 << N) << N) - 1) * 2 + 2))];
| test_array [0] = 0
| 
|   ;
|   return 0;
| }
configure:10547: result: yes
configure:10559: checking for long long int
configure:10596: gcc -o conftest -O2 -Wall -march=native   conftest.c  >&5
configure:10596: $? = 0
configure:10626: gcc -o conftest -O2 -Wall -march=native   conftest.c  >&5
configure:10626: $? = 0
configure:10626: ./conftest
configure:10626: $? = 0
configure:10641: result: yes
configure:10650: checking for inline
configure:10666: gcc -c -O2 -Wall -march=native  conftest.c >&5
configure:10666: $? = 0
configure:10674: result: inline
configure:10703: checking for strtoll
configure:10703: gcc -o conftest -O2 -Wall -march=native   conftest.c  >&5
configure:10703: $? = 0
configure:10703: result: yes
configure:10703: checking for localeconv
configure:10703: gcc -o conftest -O2 -Wall -march=native   conftest.c  >&5
configure:10703: $? = 0
configure:10703: result: yes
configure:10850: creating ./config.status

## ---------------------- ##
## Running config.status. ##
## ---------------------- ##

This file was extended by jansson config.status 2.5, which was
generated by GNU Autoconf 2.67.  Invocation command line was

  CONFIG_FILES    = 
  CONFIG_HEADERS  = 
  CONFIG_LINKS    = 
  CONFIG_COMMANDS = 
  $ ./config.status 

on pimp

config.status:1082: creating jansson.pc
config.status:1082: creating Makefile
config.status:1082: creating src/Makefile
config.status:1082: creating src/jansson_config.h
config.status:1082: creating config.h
config.status:1310: executing depfiles commands
config.status:1310: executing libtool commands

## ---------------- ##
## Cache variables. ##
## ---------------- ##

ac_cv_build=i686-pc-linux-gnu
ac_cv_c_compiler_gnu=yes
ac_cv_c_inline=inline
ac_cv_c_int32_t=yes
ac_cv_env_CC_set=
ac_cv_env_CC_value=
ac_cv_env_CFLAGS_set=set
ac_cv_env_CFLAGS_value='-O2 -Wall -march=native'
ac_cv_env_CPPFLAGS_set=
ac_cv_env_CPPFLAGS_value=
ac_cv_env_CPP_set=
ac_cv_env_CPP_value=
ac_cv_env_LDFLAGS_set=
ac_cv_env_LDFLAGS_value=
ac_cv_env_LIBS_set=
ac_cv_env_LIBS_value=
ac_cv_env_build_alias_set=
ac_cv_env_build_alias_value=
ac_cv_env_host_alias_set=
ac_cv_env_host_alias_value=
ac_cv_env_target_alias_set=
ac_cv_env_target_alias_value=
ac_cv_func_localeconv=yes
ac_cv_func_strtoll=yes
ac_cv_header_dlfcn_h=yes
ac_cv_header_inttypes_h=yes
ac_cv_header_locale_h=yes
ac_cv_header_memory_h=yes
ac_cv_header_stdc=yes
ac_cv_header_stdint_h=yes
ac_cv_header_stdlib_h=yes
ac_cv_header_string_h=yes
ac_cv_header_strings_h=yes
ac_cv_header_sys_stat_h=yes
ac_cv_header_sys_types_h=yes
ac_cv_header_unistd_h=yes
ac_cv_host=i686-pc-linux-gnu
ac_cv_objext=o
ac_cv_path_EGREP='/bin/grep -E'
ac_cv_path_FGREP='/bin/grep -F'
ac_cv_path_GREP=/bin/grep
ac_cv_path_SED=/bin/sed
ac_cv_path_install='/usr/bin/install -c'
ac_cv_path_mkdir=/bin/mkdir
ac_cv_prog_AWK=mawk
ac_cv_prog_CPP='gcc -E'
ac_cv_prog_ac_ct_AR=ar
ac_cv_prog_ac_ct_CC=gcc
ac_cv_prog_ac_ct_OBJDUMP=objdump
ac_cv_prog_ac_ct_RANLIB=ranlib
ac_cv_prog_ac_ct_STRIP=strip
ac_cv_prog_cc_c89=
ac_cv_prog_cc_g=yes
ac_cv_prog_make_make_set=yes
ac_cv_type_long_long_int=yes
am_cv_CC_dependencies_compiler_type=gcc3
lt_cv_deplibs_check_method=pass_all
lt_cv_file_magic_cmd='$MAGIC_CMD'
lt_cv_file_magic_test_file=
lt_cv_ld_reload_flag=-r
lt_cv_nm_interface='BSD nm'
lt_cv_objdir=.libs
lt_cv_path_LD=/usr/bin/ld
lt_cv_path_NM='/usr/bin/nm -B'
lt_cv_prog_compiler_c_o=yes
lt_cv_prog_compiler_pic_works=yes
lt_cv_prog_compiler_rtti_exceptions=no
lt_cv_prog_compiler_static_works=yes
lt_cv_prog_gnu_ld=yes
lt_cv_sys_global_symbol_pipe='sed -n -e '\''s/^.*[	 ]\([ABCDGIRSTW][ABCDGIRSTW]*\)[	 ][	 ]*\([_A-Za-z][_A-Za-z0-9]*\)$/\1 \2 \2/p'\'''
lt_cv_sys_global_symbol_to_c_name_address='sed -n -e '\''s/^: \([^ ]*\) $/  {\"\1\", (void *) 0},/p'\'' -e '\''s/^[ABCDGIRSTW]* \([^ ]*\) \([^ ]*\)$/  {"\2", (void *) \&\2},/p'\'''
lt_cv_sys_global_symbol_to_c_name_address_lib_prefix='sed -n -e '\''s/^: \([^ ]*\) $/  {\"\1\", (void *) 0},/p'\'' -e '\''s/^[ABCDGIRSTW]* \([^ ]*\) \(lib[^ ]*\)$/  {"\2", (void *) \&\2},/p'\'' -e '\''s/^[ABCDGIRSTW]* \([^ ]*\) \([^ ]*\)$/  {"lib\2", (void *) \&\2},/p'\'''
lt_cv_sys_global_symbol_to_cdecl='sed -n -e '\''s/^T .* \(.*\)$/extern int \1();/p'\'' -e '\''s/^[ABCDGIRSTW]* .* \(.*\)$/extern char \1;/p'\'''
lt_cv_sys_max_cmd_len=1572864

## ----------------- ##
## Output variables. ##
## ----------------- ##

ACLOCAL='${SHELL} /opt/sph-sgminer_fresh/compat/jansson-2.5/missing --run aclocal-1.11'
AMDEPBACKSLASH='\'
AMDEP_FALSE='#'
AMDEP_TRUE=''
AMTAR='${SHELL} /opt/sph-sgminer_fresh/compat/jansson-2.5/missing --run tar'
AM_BACKSLASH='\'
AM_DEFAULT_VERBOSITY='0'
AR='ar'
AUTOCONF='${SHELL} /opt/sph-sgminer_fresh/compat/jansson-2.5/missing --run autoconf'
AUTOHEADER='${SHELL} /opt/sph-sgminer_fresh/compat/jansson-2.5/missing --run autoheader'
AUTOMAKE='${SHELL} /opt/sph-sgminer_fresh/compat/jansson-2.5/missing --run automake-1.11'
AWK='mawk'
CC='gcc'
CCDEPMODE='depmode=gcc3'
CFLAGS='-O2 -Wall -march=native'
CPP='gcc -E'
CPPFLAGS=''
CYGPATH_W='echo'
DEFS='-DHAVE_CONFIG_H'
DEPDIR='.deps'
DSYMUTIL=''
DUMPBIN=''
ECHO_C=''
ECHO_N='-n'
ECHO_T=''
EGREP='/bin/grep -E'
EXEEXT=''
FGREP='/bin/grep -F'
GCC_FALSE='#'
GCC_TRUE=''
GREP='/bin/grep'
INSTALL_DATA='${INSTALL} -m 644'
INSTALL_PROGRAM='${INSTALL}'
INSTALL_SCRIPT='${INSTALL}'
INSTALL_STRIP_PROGRAM='$(install_sh) -c -s'
LD='/usr/bin/ld'
LDFLAGS=''
LIBOBJS=''
LIBS=''
LIBTOOL='$(SHELL) $(top_builddir)/libtool'
LIPO=''
LN_S='ln -s'
LTLIBOBJS=''
MAKEINFO='${SHELL} /opt/sph-sgminer_fresh/compat/jansson-2.5/missing --run makeinfo'
MKDIR_P='/bin/mkdir -p'
NM='/usr/bin/nm -B'
NMEDIT=''
OBJDUMP='objdump'
OBJEXT='o'
OTOOL64=''
OTOOL=''
PACKAGE='jansson'
PACKAGE_BUGREPORT='petri@digip.org'
PACKAGE_NAME='jansson'
PACKAGE_STRING='jansson 2.5'
PACKAGE_TARNAME='jansson'
PACKAGE_URL=''
PACKAGE_VERSION='2.5'
PATH_SEPARATOR=':'
RANLIB='ranlib'
SED='/bin/sed'
SET_MAKE=''
SHELL='/bin/bash'
STRIP='strip'
VERSION='2.5'
ac_ct_CC='gcc'
ac_ct_DUMPBIN=''
am__EXEEXT_FALSE=''
am__EXEEXT_TRUE='#'
am__fastdepCC_FALSE='#'
am__fastdepCC_TRUE=''
am__include='include'
am__isrc=''
am__leading_dot='.'
am__quote=''
am__tar='${AMTAR} chof - "$$tardir"'
am__untar='${AMTAR} xf -'
bindir='${exec_prefix}/bin'
build='i686-pc-linux-gnu'
build_alias=''
build_cpu='i686'
build_os='linux-gnu'
build_vendor='pc'
datadir='${datarootdir}'
datarootdir='${prefix}/share'
docdir='${datarootdir}/doc/${PACKAGE_TARNAME}'
dvidir='${docdir}'
exec_prefix='${prefix}'
host='i686-pc-linux-gnu'
host_alias=''
host_cpu='i686'
host_os='linux-gnu'
host_vendor='pc'
htmldir='${docdir}'
includedir='${prefix}/include'
infodir='${datarootdir}/info'
install_sh='${SHELL} /opt/sph-sgminer_fresh/compat/jansson-2.5/install-sh'
json_have_localeconv='1'
json_have_long_long='1'
json_inline='inline'
libdir='${exec_prefix}/lib'
libexecdir='${exec_prefix}/libexec'
localedir='${datarootdir}/locale'
localstatedir='${prefix}/var'
lt_ECHO='echo'
mandir='${datarootdir}/man'
mkdir_p='/bin/mkdir -p'
oldincludedir='/usr/include'
pdfdir='${docdir}'
prefix='/usr/local'
program_transform_name='s,x,x,'
psdir='${docdir}'
sbindir='${exec_prefix}/sbin'
sharedstatedir='${prefix}/com'
sysconfdir='${prefix}/etc'
target_alias=''

## ----------- ##
## confdefs.h. ##
## ----------- ##

/* confdefs.h */
#define PACKAGE_NAME "jansson"
#define PACKAGE_TARNAME "jansson"
#define PACKAGE_VERSION "2.5"
#define PACKAGE_STRING "jansson 2.5"
#define PACKAGE_BUGREPORT "petri@digip.org"
#define PACKAGE_URL ""
#define PACKAGE "jansson"
#define VERSION "2.5"
#define STDC_HEADERS 1
#define HAVE_SYS_TYPES_H 1
#define HAVE_SYS_STAT_H 1
#define HAVE_STDLIB_H 1
#define HAVE_STRING_H 1
#define HAVE_MEMORY_H 1
#define HAVE_STRINGS_H 1
#define HAVE_INTTYPES_H 1
#define HAVE_STDINT_H 1
#define HAVE_UNISTD_H 1
#define HAVE_DLFCN_H 1
#define LT_OBJDIR ".libs/"
#define HAVE_LOCALE_H 1
#define HAVE_LONG_LONG_INT 1
#define HAVE_STRTOLL 1
#define HAVE_LOCALECONV 1

configure: exit 0
