This file contains any messages produced by compilers while
running configure, to aid debugging if configure makes a mistake.

It was created by sgminer configure 4.1.0, which was
generated by GNU Autoconf 2.67.  Invocation command line was

  $ ./configure CFLAGS=-O2 -Wall -march=native --enable-opencl --enable-gridseed

## --------- ##
## Platform. ##
## --------- ##

hostname = pimp
uname -m = i686
uname -r = 2.6.32-5-686-bigmem
uname -s = Linux
uname -v = #1 SMP Tue May 13 16:55:48 UTC 2014

/usr/bin/uname -p = unknown
/bin/uname -X     = unknown

/bin/arch              = unknown
/usr/bin/arch -k       = unknown
/usr/convex/getsysinfo = unknown
/usr/bin/hostinfo      = unknown
/bin/machine           = unknown
/usr/bin/oslevel       = unknown
/bin/universe          = unknown

PATH: /usr/local/sbin
PATH: /usr/local/bin
PATH: /usr/sbin
PATH: /usr/bin
PATH: /sbin
PATH: /bin
PATH: /opt/ifmi
PATH: /opt/pimp
PATH: /opt/sgminer-4.1.0


## ----------- ##
## Core tests. ##
## ----------- ##

configure:2888: checking build system type
configure:2902: result: i686-pc-linux-gnu
configure:2922: checking host system type
configure:2935: result: i686-pc-linux-gnu
configure:2955: checking target system type
configure:2968: result: i686-pc-linux-gnu
configure:3016: checking for a BSD-compatible install
configure:3084: result: /usr/bin/install -c
configure:3095: checking whether build environment is sane
configure:3145: result: yes
configure:3286: checking for a thread-safe mkdir -p
configure:3325: result: /bin/mkdir -p
configure:3339: checking for gawk
configure:3369: result: no
configure:3339: checking for mawk
configure:3355: found /usr/bin/mawk
configure:3366: result: mawk
configure:3377: checking whether make sets $(MAKE)
configure:3399: result: yes
configure:3503: checking for style of include used by make
configure:3531: result: GNU
configure:3601: checking for gcc
configure:3617: found /usr/bin/gcc
configure:3628: result: gcc
configure:3857: checking for C compiler version
configure:3866: gcc --version >&5
gcc (Debian 4.4.5-8) 4.4.5
Copyright (C) 2010 Free Software Foundation, Inc.
This is free software; see the source for copying conditions.  There is NO
warranty; not even for MERCHANTABILITY or FITNESS FOR A PARTICULAR PURPOSE.

configure:3877: $? = 0
configure:3866: gcc -v >&5
Using built-in specs.
Target: i486-linux-gnu
Configured with: ../src/configure -v --with-pkgversion='Debian 4.4.5-8' --with-bugurl=file:///usr/share/doc/gcc-4.4/README.Bugs --enable-languages=c,c++,fortran,objc,obj-c++ --prefix=/usr --program-suffix=-4.4 --enable-shared --enable-multiarch --enable-linker-build-id --with-system-zlib --libexecdir=/usr/lib --without-included-gettext --enable-threads=posix --with-gxx-include-dir=/usr/include/c++/4.4 --libdir=/usr/lib --enable-nls --enable-clocale=gnu --enable-libstdcxx-debug --enable-objc-gc --enable-targets=all --with-arch-32=i586 --with-tune=generic --enable-checking=release --build=i486-linux-gnu --host=i486-linux-gnu --target=i486-linux-gnu
Thread model: posix
gcc version 4.4.5 (Debian 4.4.5-8) 
configure:3877: $? = 0
configure:3866: gcc -V >&5
gcc: '-V' option must have argument
configure:3877: $? = 1
configure:3866: gcc -qversion >&5
gcc: unrecognized option '-qversion'
gcc: no input files
configure:3877: $? = 1
configure:3897: checking whether the C compiler works
configure:3919: gcc -O2 -Wall -march=native   conftest.c  >&5
configure:3923: $? = 0
configure:3971: result: yes
configure:3974: checking for C compiler default output file name
configure:3976: result: a.out
configure:3982: checking for suffix of executables
configure:3989: gcc -o conftest -O2 -Wall -march=native   conftest.c  >&5
configure:3993: $? = 0
configure:4015: result: 
configure:4037: checking whether we are cross compiling
configure:4045: gcc -o conftest -O2 -Wall -march=native   conftest.c  >&5
configure:4049: $? = 0
configure:4056: ./conftest
configure:4060: $? = 0
configure:4075: result: no
configure:4080: checking for suffix of object files
configure:4102: gcc -c -O2 -Wall -march=native  conftest.c >&5
configure:4106: $? = 0
configure:4127: result: o
configure:4131: checking whether we are using the GNU C compiler
configure:4150: gcc -c -O2 -Wall -march=native  conftest.c >&5
configure:4150: $? = 0
configure:4159: result: yes
configure:4168: checking whether gcc accepts -g
configure:4188: gcc -c -g  conftest.c >&5
configure:4188: $? = 0
configure:4229: result: yes
configure:4246: checking for gcc option to accept ISO C89
configure:4310: gcc  -c -O2 -Wall -march=native  conftest.c >&5
configure:4310: $? = 0
configure:4323: result: none needed
configure:4345: checking dependency style of gcc
configure:4455: result: gcc3
configure:4476: checking how to run the C preprocessor
configure:4507: gcc -E  conftest.c
configure:4507: $? = 0
configure:4521: gcc -E  conftest.c
conftest.c:11:28: error: ac_nonexistent.h: No such file or directory
configure:4521: $? = 1
configure: failed program was:
| /* confdefs.h */
| #define PACKAGE_NAME "sgminer"
| #define PACKAGE_TARNAME "sgminer"
| #define PACKAGE_VERSION "4.1.0"
| #define PACKAGE_STRING "sgminer 4.1.0"
| #define PACKAGE_BUGREPORT "veox@wemakethings.net"
| #define PACKAGE_URL "https://github.com/veox/sgminer"
| #define PACKAGE "sgminer"
| #define VERSION "4.1.0"
| /* end confdefs.h.  */
| #include <ac_nonexistent.h>
configure:4546: result: gcc -E
configure:4566: gcc -E  conftest.c
configure:4566: $? = 0
configure:4580: gcc -E  conftest.c
conftest.c:11:28: error: ac_nonexistent.h: No such file or directory
configure:4580: $? = 1
configure: failed program was:
| /* confdefs.h */
| #define PACKAGE_NAME "sgminer"
| #define PACKAGE_TARNAME "sgminer"
| #define PACKAGE_VERSION "4.1.0"
| #define PACKAGE_STRING "sgminer 4.1.0"
| #define PACKAGE_BUGREPORT "veox@wemakethings.net"
| #define PACKAGE_URL "https://github.com/veox/sgminer"
| #define PACKAGE "sgminer"
| #define VERSION "4.1.0"
| /* end confdefs.h.  */
| #include <ac_nonexistent.h>
configure:4609: checking for grep that handles long lines and -e
configure:4667: result: /bin/grep
configure:4672: checking for egrep
configure:4734: result: /bin/grep -E
configure:4739: checking for ANSI C header files
configure:4759: gcc -c -O2 -Wall -march=native  conftest.c >&5
configure:4759: $? = 0
configure:4832: gcc -o conftest -O2 -Wall -march=native   conftest.c  >&5
configure:4832: $? = 0
configure:4832: ./conftest
configure:4832: $? = 0
configure:4843: result: yes
configure:4856: checking for sys/types.h
configure:4856: gcc -c -O2 -Wall -march=native  conftest.c >&5
configure:4856: $? = 0
configure:4856: result: yes
configure:4856: checking for sys/stat.h
configure:4856: gcc -c -O2 -Wall -march=native  conftest.c >&5
configure:4856: $? = 0
configure:4856: result: yes
configure:4856: checking for stdlib.h
configure:4856: gcc -c -O2 -Wall -march=native  conftest.c >&5
configure:4856: $? = 0
configure:4856: result: yes
configure:4856: checking for string.h
configure:4856: gcc -c -O2 -Wall -march=native  conftest.c >&5
configure:4856: $? = 0
configure:4856: result: yes
configure:4856: checking for memory.h
configure:4856: gcc -c -O2 -Wall -march=native  conftest.c >&5
configure:4856: $? = 0
configure:4856: result: yes
configure:4856: checking for strings.h
configure:4856: gcc -c -O2 -Wall -march=native  conftest.c >&5
configure:4856: $? = 0
configure:4856: result: yes
configure:4856: checking for inttypes.h
configure:4856: gcc -c -O2 -Wall -march=native  conftest.c >&5
configure:4856: $? = 0
configure:4856: result: yes
configure:4856: checking for stdint.h
configure:4856: gcc -c -O2 -Wall -march=native  conftest.c >&5
configure:4856: $? = 0
configure:4856: result: yes
configure:4856: checking for unistd.h
configure:4856: gcc -c -O2 -Wall -march=native  conftest.c >&5
configure:4856: $? = 0
configure:4856: result: yes
configure:4871: checking minix/config.h usability
configure:4871: gcc -c -O2 -Wall -march=native  conftest.c >&5
conftest.c:54:26: error: minix/config.h: No such file or directory
configure:4871: $? = 1
configure: failed program was:
| /* confdefs.h */
| #define PACKAGE_NAME "sgminer"
| #define PACKAGE_TARNAME "sgminer"
| #define PACKAGE_VERSION "4.1.0"
| #define PACKAGE_STRING "sgminer 4.1.0"
| #define PACKAGE_BUGREPORT "veox@wemakethings.net"
| #define PACKAGE_URL "https://github.com/veox/sgminer"
| #define PACKAGE "sgminer"
| #define VERSION "4.1.0"
| #define STDC_HEADERS 1
| #define HAVE_SYS_TYPES_H 1
| #define HAVE_SYS_STAT_H 1
| #define HAVE_STDLIB_H 1
| #define HAVE_STRING_H 1
| #define HAVE_MEMORY_H 1
| #define HAVE_STRINGS_H 1
| #define HAVE_INTTYPES_H 1
| #define HAVE_STDINT_H 1
| #define HAVE_UNISTD_H 1
| /* end confdefs.h.  */
| #include <stdio.h>
| #ifdef HAVE_SYS_TYPES_H
| # include <sys/types.h>
| #endif
| #ifdef HAVE_SYS_STAT_H
| # include <sys/stat.h>
| #endif
| #ifdef STDC_HEADERS
| # include <stdlib.h>
| # include <stddef.h>
| #else
| # ifdef HAVE_STDLIB_H
| #  include <stdlib.h>
| # endif
| #endif
| #ifdef HAVE_STRING_H
| # if !defined STDC_HEADERS && defined HAVE_MEMORY_H
| #  include <memory.h>
| # endif
| # include <string.h>
| #endif
| #ifdef HAVE_STRINGS_H
| # include <strings.h>
| #endif
| #ifdef HAVE_INTTYPES_H
| # include <inttypes.h>
| #endif
| #ifdef HAVE_STDINT_H
| # include <stdint.h>
| #endif
| #ifdef HAVE_UNISTD_H
| # include <unistd.h>
| #endif
| #include <minix/config.h>
configure:4871: result: no
configure:4871: checking minix/config.h presence
configure:4871: gcc -E  conftest.c
conftest.c:21:26: error: minix/config.h: No such file or directory
configure:4871: $? = 1
configure: failed program was:
| /* confdefs.h */
| #define PACKAGE_NAME "sgminer"
| #define PACKAGE_TARNAME "sgminer"
| #define PACKAGE_VERSION "4.1.0"
| #define PACKAGE_STRING "sgminer 4.1.0"
| #define PACKAGE_BUGREPORT "veox@wemakethings.net"
| #define PACKAGE_URL "https://github.com/veox/sgminer"
| #define PACKAGE "sgminer"
| #define VERSION "4.1.0"
| #define STDC_HEADERS 1
| #define HAVE_SYS_TYPES_H 1
| #define HAVE_SYS_STAT_H 1
| #define HAVE_STDLIB_H 1
| #define HAVE_STRING_H 1
| #define HAVE_MEMORY_H 1
| #define HAVE_STRINGS_H 1
| #define HAVE_INTTYPES_H 1
| #define HAVE_STDINT_H 1
| #define HAVE_UNISTD_H 1
| /* end confdefs.h.  */
| #include <minix/config.h>
configure:4871: result: no
configure:4871: checking for minix/config.h
configure:4871: result: no
configure:4900: checking whether it is safe to define __EXTENSIONS__
configure:4918: gcc -c -O2 -Wall -march=native  conftest.c >&5
configure:4918: $? = 0
configure:4925: result: yes
configure:4972: checking whether to enable maintainer-specific portions of Makefiles
configure:4981: result: no
configure:5043: checking for gcc
configure:5070: result: gcc
configure:5299: checking for C compiler version
configure:5308: gcc --version >&5
gcc (Debian 4.4.5-8) 4.4.5
Copyright (C) 2010 Free Software Foundation, Inc.
This is free software; see the source for copying conditions.  There is NO
warranty; not even for MERCHANTABILITY or FITNESS FOR A PARTICULAR PURPOSE.

configure:5319: $? = 0
configure:5308: gcc -v >&5
Using built-in specs.
Target: i486-linux-gnu
Configured with: ../src/configure -v --with-pkgversion='Debian 4.4.5-8' --with-bugurl=file:///usr/share/doc/gcc-4.4/README.Bugs --enable-languages=c,c++,fortran,objc,obj-c++ --prefix=/usr --program-suffix=-4.4 --enable-shared --enable-multiarch --enable-linker-build-id --with-system-zlib --libexecdir=/usr/lib --without-included-gettext --enable-threads=posix --with-gxx-include-dir=/usr/include/c++/4.4 --libdir=/usr/lib --enable-nls --enable-clocale=gnu --enable-libstdcxx-debug --enable-objc-gc --enable-targets=all --with-arch-32=i586 --with-tune=generic --enable-checking=release --build=i486-linux-gnu --host=i486-linux-gnu --target=i486-linux-gnu
Thread model: posix
gcc version 4.4.5 (Debian 4.4.5-8) 
configure:5319: $? = 0
configure:5308: gcc -V >&5
gcc: '-V' option must have argument
configure:5319: $? = 1
configure:5308: gcc -qversion >&5
gcc: unrecognized option '-qversion'
gcc: no input files
configure:5319: $? = 1
configure:5323: checking whether we are using the GNU C compiler
configure:5351: result: yes
configure:5360: checking whether gcc accepts -g
configure:5421: result: yes
configure:5438: checking for gcc option to accept ISO C89
configure:5515: result: none needed
configure:5537: checking dependency style of gcc
configure:5647: result: gcc3
configure:5705: checking for ranlib
configure:5721: found /usr/bin/ranlib
configure:5732: result: ranlib
configure:5780: checking whether gcc needs -traditional
configure:5814: result: no
configure:5822: checking whether gcc and cc understand -c and -o together
configure:5853: gcc -c conftest.c -o conftest2.o >&5
configure:5857: $? = 0
configure:5863: gcc -c conftest.c -o conftest2.o >&5
configure:5867: $? = 0
configure:5878: cc -c conftest.c >&5
configure:5882: $? = 0
configure:5890: cc -c conftest.c -o conftest2.o >&5
configure:5894: $? = 0
configure:5900: cc -c conftest.c -o conftest2.o >&5
configure:5904: $? = 0
configure:5922: result: yes
configure:5972: checking for a sed that does not truncate output
configure:6036: result: /bin/sed
configure:6054: checking for fgrep
configure:6116: result: /bin/grep -F
configure:6151: checking for ld used by gcc
configure:6218: result: /usr/bin/ld
configure:6225: checking if the linker (/usr/bin/ld) is GNU ld
configure:6240: result: yes
configure:6252: checking for BSD- or MS-compatible name lister (nm)
configure:6301: result: /usr/bin/nm -B
configure:6419: checking the name lister (/usr/bin/nm -B) interface
configure:6426: gcc -c -O2 -Wall -march=native  conftest.c >&5
configure:6429: /usr/bin/nm -B "conftest.o"
configure:6432: output
00000000 B some_variable
configure:6439: result: BSD nm
configure:6442: checking whether ln -s works
configure:6446: result: yes
configure:6454: checking the maximum length of command line arguments
configure:6574: result: 1572864
configure:6591: checking whether the shell understands some XSI constructs
configure:6601: result: yes
configure:6605: checking whether the shell understands "+="
configure:6611: result: yes
configure:6646: checking for /usr/bin/ld option to reload object files
configure:6653: result: -r
configure:6722: checking for objdump
configure:6738: found /usr/bin/objdump
configure:6749: result: objdump
configure:6781: checking how to recognize dependent libraries
configure:6977: result: pass_all
configure:7037: checking for ar
configure:7053: found /usr/bin/ar
configure:7064: result: ar
configure:7142: checking for strip
configure:7158: found /usr/bin/strip
configure:7169: result: strip
configure:7241: checking for ranlib
configure:7268: result: ranlib
configure:7358: checking command to parse /usr/bin/nm -B output from gcc object
configure:7476: gcc -c -O2 -Wall -march=native  conftest.c >&5
configure:7479: $? = 0
configure:7483: /usr/bin/nm -B conftest.o \| sed -n -e 's/^.*[	 ]\([ABCDGIRSTW][ABCDGIRSTW]*\)[	 ][	 ]*\([_A-Za-z][_A-Za-z0-9]*\)$/\1 \2 \2/p' \> conftest.nm
configure:7486: $? = 0
configure:7540: gcc -o conftest -O2 -Wall -march=native   conftest.c conftstm.o >&5
configure:7543: $? = 0
configure:7581: result: ok
configure:8386: checking for dlfcn.h
configure:8386: gcc -c -O2 -Wall -march=native  conftest.c >&5
configure:8386: $? = 0
configure:8386: result: yes
configure:8569: checking for objdir
configure:8584: result: .libs
configure:8880: checking if gcc supports -fno-rtti -fno-exceptions
configure:8898: gcc -c -O2 -Wall -march=native  -fno-rtti -fno-exceptions conftest.c >&5
cc1: warning: command line option "-fno-rtti" is valid for C++/ObjC++ but not for C
configure:8902: $? = 0
configure:8915: result: no
configure:8935: checking for gcc option to produce PIC
configure:9207: result: -fPIC -DPIC
configure:9219: checking if gcc PIC flag -fPIC -DPIC works
configure:9237: gcc -c -O2 -Wall -march=native  -fPIC -DPIC -DPIC conftest.c >&5
configure:9241: $? = 0
configure:9254: result: yes
configure:9278: checking if gcc static flag -static works
configure:9306: result: yes
configure:9321: checking if gcc supports -c -o file.o
configure:9342: gcc -c -O2 -Wall -march=native  -o out/conftest2.o conftest.c >&5
configure:9346: $? = 0
configure:9368: result: yes
configure:9376: checking if gcc supports -c -o file.o
configure:9423: result: yes
configure:9456: checking whether the gcc linker (/usr/bin/ld) supports shared libraries
configure:10447: result: yes
configure:10686: checking dynamic linker characteristics
configure:11119: gcc -o conftest -O2 -Wall -march=native   -Wl,-rpath -Wl,/foo conftest.c  >&5
configure:11119: $? = 0
configure:11349: result: GNU/Linux ld.so
configure:11451: checking how to hardcode library paths into programs
configure:11476: result: immediate
configure:11996: checking whether stripping libraries is possible
configure:12001: result: yes
configure:12036: checking if libtool supports shared libraries
configure:12038: result: yes
configure:12041: checking whether to build shared libraries
configure:12062: result: no
configure:12065: checking whether to build static libraries
configure:12069: result: yes
configure:12119: checking sys/mman.h usability
configure:12119: gcc -c -O2 -Wall -march=native  conftest.c >&5
configure:12119: $? = 0
configure:12119: result: yes
configure:12119: checking sys/mman.h presence
configure:12119: gcc -E  conftest.c
configure:12119: $? = 0
configure:12119: result: yes
configure:12119: checking for sys/mman.h
configure:12119: result: yes
configure:12119: checking wchar.h usability
configure:12119: gcc -c -O2 -Wall -march=native  conftest.c >&5
configure:12119: $? = 0
configure:12119: result: yes
configure:12119: checking wchar.h presence
configure:12119: gcc -E  conftest.c
configure:12119: $? = 0
configure:12119: result: yes
configure:12119: checking for wchar.h
configure:12119: result: yes
configure:12119: checking for stdint.h
configure:12119: result: yes
configure:12140: checking for mprotect
configure:12140: gcc -o conftest -O2 -Wall -march=native   conftest.c  >&5
configure:12140: $? = 0
configure:12140: result: yes
configure:12140: checking for sigaction
configure:12140: gcc -o conftest -O2 -Wall -march=native   conftest.c  >&5
configure:12140: $? = 0
configure:12140: result: yes
configure:12140: checking for sigaltstack
configure:12140: gcc -o conftest -O2 -Wall -march=native   conftest.c  >&5
configure:12140: $? = 0
configure:12140: result: yes
configure:12140: checking for siginterrupt
configure:12140: gcc -o conftest -O2 -Wall -march=native   conftest.c  >&5
configure:12140: $? = 0
configure:12140: result: yes
configure:12231: checking for mmap
configure:12231: gcc -o conftest -O2 -Wall -march=native   conftest.c  >&5
configure:12231: $? = 0
configure:12231: result: yes
configure:12242: checking for MAP_ANONYMOUS
configure:12279: result: yes
configure:12313: checking whether memchr works
configure:12376: gcc -o conftest -O2 -Wall -march=native   conftest.c  >&5
configure:12376: $? = 0
configure:12376: ./conftest
configure:12376: $? = 0
configure:12386: result: yes
configure:12394: checking whether memmem is declared
configure:12394: gcc -c -O2 -Wall -march=native  conftest.c >&5
configure:12394: $? = 0
configure:12394: result: yes
configure:12412: checking for memmem
configure:12412: gcc -o conftest -O2 -Wall -march=native   conftest.c  >&5
configure:12412: $? = 0
configure:12412: result: yes
configure:12436: checking whether memmem works
configure:12500: gcc -o conftest -O2 -Wall -march=native   conftest.c  >&5
conftest.c: In function 'main':
conftest.c:57: warning: null argument where non-null required (argument 3)
configure:12500: $? = 0
configure:12500: ./conftest
configure:12500: $? = 0
configure:12511: result: yes
configure:12529: gcc -c -O2 -Wall -march=native  conftest.c >&5
conftest.c:42: error: expected '=', ',', ';', 'asm' or '__attribute__' before 'a'
configure:12529: $? = 1
configure: failed program was:
| /* confdefs.h */
| #define PACKAGE_NAME "sgminer"
| #define PACKAGE_TARNAME "sgminer"
| #define PACKAGE_VERSION "4.1.0"
| #define PACKAGE_STRING "sgminer 4.1.0"
| #define PACKAGE_BUGREPORT "veox@wemakethings.net"
| #define PACKAGE_URL "https://github.com/veox/sgminer"
| #define PACKAGE "sgminer"
| #define VERSION "4.1.0"
| #define STDC_HEADERS 1
| #define HAVE_SYS_TYPES_H 1
| #define HAVE_SYS_STAT_H 1
| #define HAVE_STDLIB_H 1
| #define HAVE_STRING_H 1
| #define HAVE_MEMORY_H 1
| #define HAVE_STRINGS_H 1
| #define HAVE_INTTYPES_H 1
| #define HAVE_STDINT_H 1
| #define HAVE_UNISTD_H 1
| #define __EXTENSIONS__ 1
| #define _ALL_SOURCE 1
| #define _GNU_SOURCE 1
| #define _POSIX_PTHREAD_SEMANTICS 1
| #define _TANDEM_SOURCE 1
| #define SGMINER_MAJOR_VERSION 4
| #define SGMINER_MINOR_VERSION 1
| #define SGMINER_MINOR_SUBVERSION 0
| #define HAVE_DLFCN_H 1
| #define LT_OBJDIR ".libs/"
| #define HAVE_SYS_MMAN_H 1
| #define HAVE_WCHAR_H 1
| #define HAVE_STDINT_H 1
| #define HAVE_MPROTECT 1
| #define HAVE_SIGACTION 1
| #define HAVE_SIGALTSTACK 1
| #define HAVE_SIGINTERRUPT 1
| #define HAVE_MAP_ANONYMOUS 1
| #define HAVE_DECL_MEMMEM 1
| #define HAVE_MEMMEM 1
| /* end confdefs.h.  */
| #ifndef __APPLE_CC__
|          not a universal capable compiler
|         #endif
|         typedef int dummy;
| 
configure:12580: checking for C/C++ restrict keyword
configure:12605: gcc -c -O2 -Wall -march=native  conftest.c >&5
configure:12605: $? = 0
configure:12613: result: __restrict
configure:12626: checking for uid_t in sys/types.h
configure:12645: result: yes
configure:12656: checking for inline
configure:12672: gcc -c -O2 -Wall -march=native  conftest.c >&5
configure:12672: $? = 0
configure:12680: result: inline
configure:12713: checking whether the preprocessor supports include_next
configure:12751: gcc -c -O2 -Wall -march=native  -Iconftestd1b -Iconftestd2 conftest.c >&5
configure:12751: $? = 0
configure:12772: result: yes
configure:12793: checking whether system header files limit the line length
configure:12816: result: no
configure:12830: checking for wchar_t
configure:12847: gcc -c -O2 -Wall -march=native  conftest.c >&5
configure:12847: $? = 0
configure:12854: result: yes
configure:12863: checking for unsigned long long int
configure:12902: gcc -o conftest -O2 -Wall -march=native   conftest.c  >&5
configure:12902: $? = 0
configure:12911: result: yes
configure:12921: checking for long long int
configure:12959: gcc -o conftest -O2 -Wall -march=native   conftest.c  >&5
configure:12959: $? = 0
configure:12959: ./conftest
configure:12959: $? = 0
configure:12971: result: yes
configure:13108: checking whether stdint.h conforms to C99
configure:13279: gcc -c -O2 -Wall -march=native  conftest.c >&5
configure:13279: $? = 0
configure:13361: gcc -o conftest -O2 -Wall -march=native   conftest.c  >&5
configure:13361: $? = 0
configure:13361: ./conftest
configure:13361: $? = 0
configure:13373: result: yes
configure:13772: checking whether memmem is declared without a macro
configure:13790: gcc -c -O2 -Wall -march=native  conftest.c >&5
configure:13790: $? = 0
configure:13798: result: yes
configure:13772: checking whether mempcpy is declared without a macro
configure:13790: gcc -c -O2 -Wall -march=native  conftest.c >&5
configure:13790: $? = 0
configure:13798: result: yes
configure:13772: checking whether memrchr is declared without a macro
configure:13790: gcc -c -O2 -Wall -march=native  conftest.c >&5
configure:13790: $? = 0
configure:13798: result: yes
configure:13772: checking whether rawmemchr is declared without a macro
configure:13790: gcc -c -O2 -Wall -march=native  conftest.c >&5
configure:13790: $? = 0
configure:13798: result: yes
configure:13772: checking whether stpcpy is declared without a macro
configure:13790: gcc -c -O2 -Wall -march=native  conftest.c >&5
configure:13790: $? = 0
configure:13798: result: yes
configure:13772: checking whether stpncpy is declared without a macro
configure:13790: gcc -c -O2 -Wall -march=native  conftest.c >&5
configure:13790: $? = 0
configure:13798: result: yes
configure:13772: checking whether strchrnul is declared without a macro
configure:13790: gcc -c -O2 -Wall -march=native  conftest.c >&5
configure:13790: $? = 0
configure:13798: result: yes
configure:13772: checking whether strdup is declared without a macro
configure:13790: gcc -c -O2 -Wall -march=native  conftest.c >&5
configure:13790: $? = 0
configure:13798: result: yes
configure:13772: checking whether strncat is declared without a macro
configure:13790: gcc -c -O2 -Wall -march=native  conftest.c >&5
configure:13790: $? = 0
configure:13798: result: yes
configure:13772: checking whether strndup is declared without a macro
configure:13790: gcc -c -O2 -Wall -march=native  conftest.c >&5
configure:13790: $? = 0
configure:13798: result: yes
configure:13772: checking whether strnlen is declared without a macro
configure:13790: gcc -c -O2 -Wall -march=native  conftest.c >&5
configure:13790: $? = 0
configure:13798: result: yes
configure:13772: checking whether strpbrk is declared without a macro
configure:13790: gcc -c -O2 -Wall -march=native  conftest.c >&5
configure:13790: $? = 0
configure:13798: result: yes
configure:13772: checking whether strsep is declared without a macro
configure:13790: gcc -c -O2 -Wall -march=native  conftest.c >&5
configure:13790: $? = 0
configure:13798: result: yes
configure:13772: checking whether strcasestr is declared without a macro
configure:13790: gcc -c -O2 -Wall -march=native  conftest.c >&5
configure:13790: $? = 0
configure:13798: result: yes
configure:13772: checking whether strtok_r is declared without a macro
configure:13790: gcc -c -O2 -Wall -march=native  conftest.c >&5
configure:13790: $? = 0
configure:13798: result: yes
configure:13772: checking whether strerror_r is declared without a macro
configure:13790: gcc -c -O2 -Wall -march=native  conftest.c >&5
configure:13790: $? = 0
configure:13798: result: yes
configure:13772: checking whether strsignal is declared without a macro
configure:13790: gcc -c -O2 -Wall -march=native  conftest.c >&5
configure:13790: $? = 0
configure:13798: result: yes
configure:13772: checking whether strverscmp is declared without a macro
configure:13790: gcc -c -O2 -Wall -march=native  conftest.c >&5
configure:13790: $? = 0
configure:13798: result: yes
configure:13878: checking whether memmem works in linear time
configure:13949: gcc -o conftest -O2 -Wall -march=native   conftest.c  >&5
configure:13949: $? = 0
configure:13949: ./conftest
configure:13949: $? = 0
configure:13960: result: yes
configure:13985: checking for memmem
configure:13985: result: yes
configure:14009: checking whether memmem works
configure:14084: result: yes
configure:14130: checking for struct sigaction.sa_sigaction
configure:14130: gcc -c -O2 -Wall -march=native  conftest.c >&5
configure:14130: $? = 0
configure:14130: result: yes
configure:14265: checking for volatile sig_atomic_t
configure:14265: gcc -c -O2 -Wall -march=native  conftest.c >&5
configure:14265: $? = 0
configure:14265: gcc -c -O2 -Wall -march=native  conftest.c >&5
conftest.c: In function 'main':
conftest.c:75: error: expected expression before ')' token
configure:14265: $? = 1
configure: failed program was:
| /* confdefs.h */
| #define PACKAGE_NAME "sgminer"
| #define PACKAGE_TARNAME "sgminer"
| #define PACKAGE_VERSION "4.1.0"
| #define PACKAGE_STRING "sgminer 4.1.0"
| #define PACKAGE_BUGREPORT "veox@wemakethings.net"
| #define PACKAGE_URL "https://github.com/veox/sgminer"
| #define PACKAGE "sgminer"
| #define VERSION "4.1.0"
| #define STDC_HEADERS 1
| #define HAVE_SYS_TYPES_H 1
| #define HAVE_SYS_STAT_H 1
| #define HAVE_STDLIB_H 1
| #define HAVE_STRING_H 1
| #define HAVE_MEMORY_H 1
| #define HAVE_STRINGS_H 1
| #define HAVE_INTTYPES_H 1
| #define HAVE_STDINT_H 1
| #define HAVE_UNISTD_H 1
| #define __EXTENSIONS__ 1
| #define _ALL_SOURCE 1
| #define _GNU_SOURCE 1
| #define _POSIX_PTHREAD_SEMANTICS 1
| #define _TANDEM_SOURCE 1
| #define SGMINER_MAJOR_VERSION 4
| #define SGMINER_MINOR_VERSION 1
| #define SGMINER_MINOR_SUBVERSION 0
| #define HAVE_DLFCN_H 1
| #define LT_OBJDIR ".libs/"
| #define HAVE_SYS_MMAN_H 1
| #define HAVE_WCHAR_H 1
| #define HAVE_STDINT_H 1
| #define HAVE_MPROTECT 1
| #define HAVE_SIGACTION 1
| #define HAVE_SIGALTSTACK 1
| #define HAVE_SIGINTERRUPT 1
| #define HAVE_MAP_ANONYMOUS 1
| #define HAVE_DECL_MEMMEM 1
| #define HAVE_MEMMEM 1
| #define restrict __restrict
| #define HAVE_WCHAR_T 1
| #define HAVE_UNSIGNED_LONG_LONG_INT 1
| #define HAVE_LONG_LONG_INT 1
| #define HAVE_RAW_DECL_MEMMEM 1
| #define HAVE_RAW_DECL_MEMPCPY 1
| #define HAVE_RAW_DECL_MEMRCHR 1
| #define HAVE_RAW_DECL_RAWMEMCHR 1
| #define HAVE_RAW_DECL_STPCPY 1
| #define HAVE_RAW_DECL_STPNCPY 1
| #define HAVE_RAW_DECL_STRCHRNUL 1
| #define HAVE_RAW_DECL_STRDUP 1
| #define HAVE_RAW_DECL_STRNCAT 1
| #define HAVE_RAW_DECL_STRNDUP 1
| #define HAVE_RAW_DECL_STRNLEN 1
| #define HAVE_RAW_DECL_STRPBRK 1
| #define HAVE_RAW_DECL_STRSEP 1
| #define HAVE_RAW_DECL_STRCASESTR 1
| #define HAVE_RAW_DECL_STRTOK_R 1
| #define HAVE_RAW_DECL_STRERROR_R 1
| #define HAVE_RAW_DECL_STRSIGNAL 1
| #define HAVE_RAW_DECL_STRVERSCMP 1
| #define GNULIB_TEST_MEMCHR 1
| #define HAVE_MEMMEM 1
| #define GNULIB_TEST_MEMMEM 1
| #define HAVE_STRUCT_SIGACTION_SA_SIGACTION 1
| #define GNULIB_TEST_SIGACTION 1
| /* end confdefs.h.  */
| 
| #include <signal.h>
| 
| 
| int
| main ()
| {
| if (sizeof ((volatile sig_atomic_t)))
| 	    return 0;
|   ;
|   return 0;
| }
configure:14265: result: yes
configure:14279: checking for sighandler_t
configure:14279: gcc -c -O2 -Wall -march=native  conftest.c >&5
configure:14279: $? = 0
configure:14279: gcc -c -O2 -Wall -march=native  conftest.c >&5
conftest.c: In function 'main':
conftest.c:75: error: expected expression before ')' token
configure:14279: $? = 1
configure: failed program was:
| /* confdefs.h */
| #define PACKAGE_NAME "sgminer"
| #define PACKAGE_TARNAME "sgminer"
| #define PACKAGE_VERSION "4.1.0"
| #define PACKAGE_STRING "sgminer 4.1.0"
| #define PACKAGE_BUGREPORT "veox@wemakethings.net"
| #define PACKAGE_URL "https://github.com/veox/sgminer"
| #define PACKAGE "sgminer"
| #define VERSION "4.1.0"
| #define STDC_HEADERS 1
| #define HAVE_SYS_TYPES_H 1
| #define HAVE_SYS_STAT_H 1
| #define HAVE_STDLIB_H 1
| #define HAVE_STRING_H 1
| #define HAVE_MEMORY_H 1
| #define HAVE_STRINGS_H 1
| #define HAVE_INTTYPES_H 1
| #define HAVE_STDINT_H 1
| #define HAVE_UNISTD_H 1
| #define __EXTENSIONS__ 1
| #define _ALL_SOURCE 1
| #define _GNU_SOURCE 1
| #define _POSIX_PTHREAD_SEMANTICS 1
| #define _TANDEM_SOURCE 1
| #define SGMINER_MAJOR_VERSION 4
| #define SGMINER_MINOR_VERSION 1
| #define SGMINER_MINOR_SUBVERSION 0
| #define HAVE_DLFCN_H 1
| #define LT_OBJDIR ".libs/"
| #define HAVE_SYS_MMAN_H 1
| #define HAVE_WCHAR_H 1
| #define HAVE_STDINT_H 1
| #define HAVE_MPROTECT 1
| #define HAVE_SIGACTION 1
| #define HAVE_SIGALTSTACK 1
| #define HAVE_SIGINTERRUPT 1
| #define HAVE_MAP_ANONYMOUS 1
| #define HAVE_DECL_MEMMEM 1
| #define HAVE_MEMMEM 1
| #define restrict __restrict
| #define HAVE_WCHAR_T 1
| #define HAVE_UNSIGNED_LONG_LONG_INT 1
| #define HAVE_LONG_LONG_INT 1
| #define HAVE_RAW_DECL_MEMMEM 1
| #define HAVE_RAW_DECL_MEMPCPY 1
| #define HAVE_RAW_DECL_MEMRCHR 1
| #define HAVE_RAW_DECL_RAWMEMCHR 1
| #define HAVE_RAW_DECL_STPCPY 1
| #define HAVE_RAW_DECL_STPNCPY 1
| #define HAVE_RAW_DECL_STRCHRNUL 1
| #define HAVE_RAW_DECL_STRDUP 1
| #define HAVE_RAW_DECL_STRNCAT 1
| #define HAVE_RAW_DECL_STRNDUP 1
| #define HAVE_RAW_DECL_STRNLEN 1
| #define HAVE_RAW_DECL_STRPBRK 1
| #define HAVE_RAW_DECL_STRSEP 1
| #define HAVE_RAW_DECL_STRCASESTR 1
| #define HAVE_RAW_DECL_STRTOK_R 1
| #define HAVE_RAW_DECL_STRERROR_R 1
| #define HAVE_RAW_DECL_STRSIGNAL 1
| #define HAVE_RAW_DECL_STRVERSCMP 1
| #define GNULIB_TEST_MEMCHR 1
| #define HAVE_MEMMEM 1
| #define GNULIB_TEST_MEMMEM 1
| #define HAVE_STRUCT_SIGACTION_SA_SIGACTION 1
| #define GNULIB_TEST_SIGACTION 1
| /* end confdefs.h.  */
| 
| #include <signal.h>
| 
| 
| int
| main ()
| {
| if (sizeof ((sighandler_t)))
| 	    return 0;
|   ;
|   return 0;
| }
configure:14279: result: yes
configure:14293: checking whether sigaction is declared without a macro
configure:14311: gcc -c -O2 -Wall -march=native  conftest.c >&5
configure:14311: $? = 0
configure:14319: result: yes
configure:14293: checking whether sigaddset is declared without a macro
configure:14311: gcc -c -O2 -Wall -march=native  conftest.c >&5
configure:14311: $? = 0
configure:14319: result: yes
configure:14293: checking whether sigdelset is declared without a macro
configure:14311: gcc -c -O2 -Wall -march=native  conftest.c >&5
configure:14311: $? = 0
configure:14319: result: yes
configure:14293: checking whether sigemptyset is declared without a macro
configure:14311: gcc -c -O2 -Wall -march=native  conftest.c >&5
configure:14311: $? = 0
configure:14319: result: yes
configure:14293: checking whether sigfillset is declared without a macro
configure:14311: gcc -c -O2 -Wall -march=native  conftest.c >&5
configure:14311: $? = 0
configure:14319: result: yes
configure:14293: checking whether sigismember is declared without a macro
configure:14311: gcc -c -O2 -Wall -march=native  conftest.c >&5
configure:14311: $? = 0
configure:14319: result: yes
configure:14293: checking whether sigpending is declared without a macro
configure:14311: gcc -c -O2 -Wall -march=native  conftest.c >&5
configure:14311: $? = 0
configure:14319: result: yes
configure:14293: checking whether sigprocmask is declared without a macro
configure:14311: gcc -c -O2 -Wall -march=native  conftest.c >&5
configure:14311: $? = 0
configure:14319: result: yes
configure:14348: checking for sigprocmask
configure:14348: gcc -o conftest -O2 -Wall -march=native   conftest.c  >&5
configure:14348: $? = 0
configure:14348: result: yes
configure:14415: checking whether NULL can be used in arbitrary expressions
configure:14433: gcc -c -O2 -Wall -march=native  conftest.c >&5
configure:14433: $? = 0
configure:14440: result: yes
configure:14555: checking for ANSI C header files
configure:14659: result: yes
configure:14669: checking syslog.h usability
configure:14669: gcc -c -O2 -Wall -march=native  conftest.c >&5
configure:14669: $? = 0
configure:14669: result: yes
configure:14669: checking syslog.h presence
configure:14669: gcc -E  conftest.c
configure:14669: $? = 0
configure:14669: result: yes
configure:14669: checking for syslog.h
configure:14669: result: yes
configure:14682: checking for working alloca.h
configure:14699: gcc -o conftest -O2 -Wall -march=native   conftest.c  >&5
configure:14699: $? = 0
configure:14707: result: yes
configure:14715: checking for alloca
configure:14752: gcc -o conftest -O2 -Wall -march=native   conftest.c  >&5
configure:14752: $? = 0
configure:14760: result: yes
configure:14948: checking for OpenCL
configure:14971: gcc -o conftest -O2 -Wall -march=native -I/opt/AMDAPP/include    conftest.c  -L/opt/AMDAPP/lib/x86 -lOpenCL >&5
configure:14971: $? = 0
configure:14972: result: yes
configure:15041: checking for pthread_create in -lpthread
configure:15066: gcc -o conftest -O2 -Wall -march=native   conftest.c -lpthread   >&5
configure:15066: $? = 0
configure:15075: result: yes
configure:15115: checking for ./ADL_SDK/adl_sdk.h
configure:15129: result: yes
configure:15198: checking for library containing addstr
configure:15229: gcc -o conftest -O2 -Wall -march=native   conftest.c -lpthread  >&5
/tmp/cchOngsE.o: In function `main':
conftest.c:(.text+0x7): undefined reference to `addstr'
collect2: ld returned 1 exit status
configure:15229: $? = 1
configure: failed program was:
| /* confdefs.h */
| #define PACKAGE_NAME "sgminer"
| #define PACKAGE_TARNAME "sgminer"
| #define PACKAGE_VERSION "4.1.0"
| #define PACKAGE_STRING "sgminer 4.1.0"
| #define PACKAGE_BUGREPORT "veox@wemakethings.net"
| #define PACKAGE_URL "https://github.com/veox/sgminer"
| #define PACKAGE "sgminer"
| #define VERSION "4.1.0"
| #define STDC_HEADERS 1
| #define HAVE_SYS_TYPES_H 1
| #define HAVE_SYS_STAT_H 1
| #define HAVE_STDLIB_H 1
| #define HAVE_STRING_H 1
| #define HAVE_MEMORY_H 1
| #define HAVE_STRINGS_H 1
| #define HAVE_INTTYPES_H 1
| #define HAVE_STDINT_H 1
| #define HAVE_UNISTD_H 1
| #define __EXTENSIONS__ 1
| #define _ALL_SOURCE 1
| #define _GNU_SOURCE 1
| #define _POSIX_PTHREAD_SEMANTICS 1
| #define _TANDEM_SOURCE 1
| #define SGMINER_MAJOR_VERSION 4
| #define SGMINER_MINOR_VERSION 1
| #define SGMINER_MINOR_SUBVERSION 0
| #define HAVE_DLFCN_H 1
| #define LT_OBJDIR ".libs/"
| #define HAVE_SYS_MMAN_H 1
| #define HAVE_WCHAR_H 1
| #define HAVE_STDINT_H 1
| #define HAVE_MPROTECT 1
| #define HAVE_SIGACTION 1
| #define HAVE_SIGALTSTACK 1
| #define HAVE_SIGINTERRUPT 1
| #define HAVE_MAP_ANONYMOUS 1
| #define HAVE_DECL_MEMMEM 1
| #define HAVE_MEMMEM 1
| #define restrict __restrict
| #define HAVE_WCHAR_T 1
| #define HAVE_UNSIGNED_LONG_LONG_INT 1
| #define HAVE_LONG_LONG_INT 1
| #define HAVE_RAW_DECL_MEMMEM 1
| #define HAVE_RAW_DECL_MEMPCPY 1
| #define HAVE_RAW_DECL_MEMRCHR 1
| #define HAVE_RAW_DECL_RAWMEMCHR 1
| #define HAVE_RAW_DECL_STPCPY 1
| #define HAVE_RAW_DECL_STPNCPY 1
| #define HAVE_RAW_DECL_STRCHRNUL 1
| #define HAVE_RAW_DECL_STRDUP 1
| #define HAVE_RAW_DECL_STRNCAT 1
| #define HAVE_RAW_DECL_STRNDUP 1
| #define HAVE_RAW_DECL_STRNLEN 1
| #define HAVE_RAW_DECL_STRPBRK 1
| #define HAVE_RAW_DECL_STRSEP 1
| #define HAVE_RAW_DECL_STRCASESTR 1
| #define HAVE_RAW_DECL_STRTOK_R 1
| #define HAVE_RAW_DECL_STRERROR_R 1
| #define HAVE_RAW_DECL_STRSIGNAL 1
| #define HAVE_RAW_DECL_STRVERSCMP 1
| #define GNULIB_TEST_MEMCHR 1
| #define HAVE_MEMMEM 1
| #define GNULIB_TEST_MEMMEM 1
| #define HAVE_STRUCT_SIGACTION_SA_SIGACTION 1
| #define GNULIB_TEST_SIGACTION 1
| #define HAVE_RAW_DECL_SIGACTION 1
| #define HAVE_RAW_DECL_SIGADDSET 1
| #define HAVE_RAW_DECL_SIGDELSET 1
| #define HAVE_RAW_DECL_SIGEMPTYSET 1
| #define HAVE_RAW_DECL_SIGFILLSET 1
| #define HAVE_RAW_DECL_SIGISMEMBER 1
| #define HAVE_RAW_DECL_SIGPENDING 1
| #define HAVE_RAW_DECL_SIGPROCMASK 1
| #define GNULIB_TEST_SIGPROCMASK 1
| #define STDC_HEADERS 1
| #define HAVE_SYSLOG_H 1
| #define HAVE_ALLOCA_H 1
| #define HAVE_ALLOCA 1
| #define HAVE_LIBPTHREAD 1
| #define HAVE_ADL 1
| /* end confdefs.h.  */
| 
| /* Override any GCC internal prototype to avoid an error.
|    Use char because int might match the return type of a GCC
|    builtin and then its argument prototype would still apply.  */
| #ifdef __cplusplus
| extern "C"
| #endif
| char addstr ();
| int
| main ()
| {
| return addstr ();
|   ;
|   return 0;
| }
configure:15229: gcc -o conftest -O2 -Wall -march=native   conftest.c -lncurses  -lpthread  >&5
configure:15229: $? = 0
configure:15246: result: -lncurses
configure:15357: checking for pkg-config
configure:15375: found /usr/bin/pkg-config
configure:15387: result: /usr/bin/pkg-config
configure:15412: checking pkg-config is at least version 0.9.0
configure:15415: result: yes
configure:15445: checking for LIBCURL
configure:15452: $PKG_CONFIG --exists --print-errors "libcurl >= 7.25.0"
Requested 'libcurl >= 7.25.0' but version of libcurl is 7.21.0
You may find new versions of libcurl at http://curl.haxx.se/
configure:15455: $? = 1
configure:15468: $PKG_CONFIG --exists --print-errors "libcurl >= 7.25.0"
Requested 'libcurl >= 7.25.0' but version of libcurl is 7.21.0
You may find new versions of libcurl at http://curl.haxx.se/
configure:15471: $? = 1
configure:15484: result: no
Requested 'libcurl >= 7.25.0' but version of libcurl is 7.21.0
You may find new versions of libcurl at http://curl.haxx.se/
configure:15502: checking for LIBCURL
configure:15509: $PKG_CONFIG --exists --print-errors "libcurl >= 7.18.2"
configure:15512: $? = 0
configure:15525: $PKG_CONFIG --exists --print-errors "libcurl >= 7.18.2"
configure:15528: $? = 0
configure:15565: result: yes
configure:15732: checking whether to use git version if available
configure:15739: checking for git
configure:15755: found /usr/bin/git
configure:15766: result: git
configure:15777: checking for .git/
configure:15790: result: yes
configure:15824: gcc -c -O2 -Wall -march=native  conftest.c >&5
conftest.c:87:26: error: process.h: No such file or directory
configure:15824: $? = 1
configure: failed program was:
| /* confdefs.h */
| #define PACKAGE_NAME "sgminer"
| #define PACKAGE_TARNAME "sgminer"
| #define PACKAGE_VERSION "4.1.0"
| #define PACKAGE_STRING "sgminer 4.1.0"
| #define PACKAGE_BUGREPORT "veox@wemakethings.net"
| #define PACKAGE_URL "https://github.com/veox/sgminer"
| #define PACKAGE "sgminer"
| #define VERSION "4.1.0"
| #define STDC_HEADERS 1
| #define HAVE_SYS_TYPES_H 1
| #define HAVE_SYS_STAT_H 1
| #define HAVE_STDLIB_H 1
| #define HAVE_STRING_H 1
| #define HAVE_MEMORY_H 1
| #define HAVE_STRINGS_H 1
| #define HAVE_INTTYPES_H 1
| #define HAVE_STDINT_H 1
| #define HAVE_UNISTD_H 1
| #define __EXTENSIONS__ 1
| #define _ALL_SOURCE 1
| #define _GNU_SOURCE 1
| #define _POSIX_PTHREAD_SEMANTICS 1
| #define _TANDEM_SOURCE 1
| #define SGMINER_MAJOR_VERSION 4
| #define SGMINER_MINOR_VERSION 1
| #define SGMINER_MINOR_SUBVERSION 0
| #define HAVE_DLFCN_H 1
| #define LT_OBJDIR ".libs/"
| #define HAVE_SYS_MMAN_H 1
| #define HAVE_WCHAR_H 1
| #define HAVE_STDINT_H 1
| #define HAVE_MPROTECT 1
| #define HAVE_SIGACTION 1
| #define HAVE_SIGALTSTACK 1
| #define HAVE_SIGINTERRUPT 1
| #define HAVE_MAP_ANONYMOUS 1
| #define HAVE_DECL_MEMMEM 1
| #define HAVE_MEMMEM 1
| #define restrict __restrict
| #define HAVE_WCHAR_T 1
| #define HAVE_UNSIGNED_LONG_LONG_INT 1
| #define HAVE_LONG_LONG_INT 1
| #define HAVE_RAW_DECL_MEMMEM 1
| #define HAVE_RAW_DECL_MEMPCPY 1
| #define HAVE_RAW_DECL_MEMRCHR 1
| #define HAVE_RAW_DECL_RAWMEMCHR 1
| #define HAVE_RAW_DECL_STPCPY 1
| #define HAVE_RAW_DECL_STPNCPY 1
| #define HAVE_RAW_DECL_STRCHRNUL 1
| #define HAVE_RAW_DECL_STRDUP 1
| #define HAVE_RAW_DECL_STRNCAT 1
| #define HAVE_RAW_DECL_STRNDUP 1
| #define HAVE_RAW_DECL_STRNLEN 1
| #define HAVE_RAW_DECL_STRPBRK 1
| #define HAVE_RAW_DECL_STRSEP 1
| #define HAVE_RAW_DECL_STRCASESTR 1
| #define HAVE_RAW_DECL_STRTOK_R 1
| #define HAVE_RAW_DECL_STRERROR_R 1
| #define HAVE_RAW_DECL_STRSIGNAL 1
| #define HAVE_RAW_DECL_STRVERSCMP 1
| #define GNULIB_TEST_MEMCHR 1
| #define HAVE_MEMMEM 1
| #define GNULIB_TEST_MEMMEM 1
| #define HAVE_STRUCT_SIGACTION_SA_SIGACTION 1
| #define GNULIB_TEST_SIGACTION 1
| #define HAVE_RAW_DECL_SIGACTION 1
| #define HAVE_RAW_DECL_SIGADDSET 1
| #define HAVE_RAW_DECL_SIGDELSET 1
| #define HAVE_RAW_DECL_SIGEMPTYSET 1
| #define HAVE_RAW_DECL_SIGFILLSET 1
| #define HAVE_RAW_DECL_SIGISMEMBER 1
| #define HAVE_RAW_DECL_SIGPENDING 1
| #define HAVE_RAW_DECL_SIGPROCMASK 1
| #define GNULIB_TEST_SIGPROCMASK 1
| #define STDC_HEADERS 1
| #define HAVE_SYSLOG_H 1
| #define HAVE_ALLOCA_H 1
| #define HAVE_ALLOCA 1
| #define HAVE_LIBPTHREAD 1
| #define HAVE_ADL 1
| #define HAVE_CURSES 1
| #define HAVE_LIBCURL 1
| #define USE_GIT_VERSION 1
| /* end confdefs.h.  */
| 
| 		   #include <process.h>
| 		   int execv(const char*, char *const*);
| 
configure:15842: gcc -c -O2 -Wall -march=native  conftest.c >&5
conftest.c:87: warning: 'cleanup' defined but not used
configure:15842: $? = 0
configure:15852: gcc -c -O2 -Wall -march=native  conftest.c >&5
conftest.c:88: warning: 'cleanup' defined but not used
configure:15852: $? = 0
configure:15862: gcc -c -O2 -Wall -march=native  conftest.c >&5
conftest.c: In function 'cleanup':
conftest.c:89: warning: implicit declaration of function 'exit'
conftest.c:89: warning: incompatible implicit declaration of built-in function 'exit'
configure:15862: $? = 0
configure:15872: gcc -c -O2 -Wall -march=native  conftest.c >&5
conftest.c:90: warning: 'cleanup' defined but not used
configure:15872: $? = 0
configure:15882: gcc -c -O2 -Wall -march=native  conftest.c >&5
configure:15882: $? = 0
configure:15892: gcc -c -O2 -Wall -march=native  conftest.c >&5
configure:15892: $? = 0
configure:15902: gcc -o conftest -O2 -Wall -march=native   conftest.c -lncurses -lpthread  >&5
configure:15902: $? = 0
configure:15913: gcc -o conftest -O2 -Wall -march=native   conftest.c -lncurses -lpthread  >&5
configure:15913: $? = 0
configure:15924: gcc -c -O2 -Wall -march=native  conftest.c >&5
conftest.c:95: warning: 'func' defined but not used
configure:15924: $? = 0
configure:16245: creating ./config.status

## ---------------------- ##
## Running config.status. ##
## ---------------------- ##

This file was extended by sgminer config.status 4.1.0, which was
generated by GNU Autoconf 2.67.  Invocation command line was

  CONFIG_FILES    = 
  CONFIG_HEADERS  = 
  CONFIG_LINKS    = 
  CONFIG_COMMANDS = 
  $ ./config.status 

on pimp

config.status:1338: creating Makefile
config.status:1338: creating compat/Makefile
config.status:1338: creating ccan/Makefile
config.status:1338: creating lib/Makefile
config.status:1338: creating sph/Makefile
config.status:1338: creating config.h
config.status:1518: config.h is unchanged
config.status:1566: executing depfiles commands
config.status:1566: executing libtool commands
configure:18533: === configuring in compat/jansson-2.5 (/opt/sph-sgminer_fresh/compat/jansson-2.5)
configure:18596: running /bin/bash ./configure --disable-option-checking '--prefix=/usr/local'  'CFLAGS=-O2 -Wall -march=native' '--enable-opencl' '--enable-gridseed' --cache-file=/dev/null --srcdir=.

## ---------------- ##
## Cache variables. ##
## ---------------- ##

ac_cv_build=i686-pc-linux-gnu
ac_cv_c_compiler_gnu=yes
ac_cv_c_inline=inline
ac_cv_c_restrict=__restrict
ac_cv_env_CC_set=
ac_cv_env_CC_value=
ac_cv_env_CFLAGS_set=set
ac_cv_env_CFLAGS_value='-O2 -Wall -march=native'
ac_cv_env_CPPFLAGS_set=
ac_cv_env_CPPFLAGS_value=
ac_cv_env_CPP_set=
ac_cv_env_CPP_value=
ac_cv_env_LDFLAGS_set=
ac_cv_env_LDFLAGS_value=
ac_cv_env_LIBCURL_CFLAGS_set=
ac_cv_env_LIBCURL_CFLAGS_value=
ac_cv_env_LIBCURL_LIBS_set=
ac_cv_env_LIBCURL_LIBS_value=
ac_cv_env_LIBS_set=
ac_cv_env_LIBS_value=
ac_cv_env_PKG_CONFIG_LIBDIR_set=
ac_cv_env_PKG_CONFIG_LIBDIR_value=
ac_cv_env_PKG_CONFIG_PATH_set=
ac_cv_env_PKG_CONFIG_PATH_value=
ac_cv_env_PKG_CONFIG_set=
ac_cv_env_PKG_CONFIG_value=
ac_cv_env_build_alias_set=
ac_cv_env_build_alias_value=
ac_cv_env_host_alias_set=
ac_cv_env_host_alias_value=
ac_cv_env_target_alias_set=
ac_cv_env_target_alias_value=
ac_cv_file___ADL_SDK_adl_sdk_h=yes
ac_cv_file__git_=yes
ac_cv_func_alloca_works=yes
ac_cv_func_memmem=yes
ac_cv_func_mmap=yes
ac_cv_func_mprotect=yes
ac_cv_func_sigaction=yes
ac_cv_func_sigaltstack=yes
ac_cv_func_siginterrupt=yes
ac_cv_func_sigprocmask=yes
ac_cv_have_decl_memmem=yes
ac_cv_have_decl_mempcpy=yes
ac_cv_have_decl_memrchr=yes
ac_cv_have_decl_rawmemchr=yes
ac_cv_have_decl_sigaction=yes
ac_cv_have_decl_sigaddset=yes
ac_cv_have_decl_sigdelset=yes
ac_cv_have_decl_sigemptyset=yes
ac_cv_have_decl_sigfillset=yes
ac_cv_have_decl_sigismember=yes
ac_cv_have_decl_sigpending=yes
ac_cv_have_decl_sigprocmask=yes
ac_cv_have_decl_stpcpy=yes
ac_cv_have_decl_stpncpy=yes
ac_cv_have_decl_strcasestr=yes
ac_cv_have_decl_strchrnul=yes
ac_cv_have_decl_strdup=yes
ac_cv_have_decl_strerror_r=yes
ac_cv_have_decl_strncat=yes
ac_cv_have_decl_strndup=yes
ac_cv_have_decl_strnlen=yes
ac_cv_have_decl_strpbrk=yes
ac_cv_have_decl_strsep=yes
ac_cv_have_decl_strsignal=yes
ac_cv_have_decl_strtok_r=yes
ac_cv_have_decl_strverscmp=yes
ac_cv_header_dlfcn_h=yes
ac_cv_header_inttypes_h=yes
ac_cv_header_memory_h=yes
ac_cv_header_minix_config_h=no
ac_cv_header_stdc=yes
ac_cv_header_stdint_h=yes
ac_cv_header_stdlib_h=yes
ac_cv_header_string_h=yes
ac_cv_header_strings_h=yes
ac_cv_header_sys_mman_h=yes
ac_cv_header_sys_stat_h=yes
ac_cv_header_sys_types_h=yes
ac_cv_header_syslog_h=yes
ac_cv_header_unistd_h=yes
ac_cv_header_wchar_h=yes
ac_cv_host=i686-pc-linux-gnu
ac_cv_lib_pthread_pthread_create=yes
ac_cv_member_struct_sigaction_sa_sigaction=yes
ac_cv_objext=o
ac_cv_path_EGREP='/bin/grep -E'
ac_cv_path_FGREP='/bin/grep -F'
ac_cv_path_GREP=/bin/grep
ac_cv_path_SED=/bin/sed
ac_cv_path_ac_pt_PKG_CONFIG=/usr/bin/pkg-config
ac_cv_path_install='/usr/bin/install -c'
ac_cv_path_mkdir=/bin/mkdir
ac_cv_prog_AWK=mawk
ac_cv_prog_CPP='gcc -E'
ac_cv_prog_GIT=git
ac_cv_prog_ac_ct_AR=ar
ac_cv_prog_ac_ct_CC=gcc
ac_cv_prog_ac_ct_OBJDUMP=objdump
ac_cv_prog_ac_ct_RANLIB=ranlib
ac_cv_prog_ac_ct_STRIP=strip
ac_cv_prog_cc_c89=
ac_cv_prog_cc_g=yes
ac_cv_prog_cc_gcc_c_o=yes
ac_cv_prog_gcc_traditional=no
ac_cv_prog_make_make_set=yes
ac_cv_safe_to_define___extensions__=yes
ac_cv_search_addstr=-lncurses
ac_cv_target=i686-pc-linux-gnu
ac_cv_type_long_long_int=yes
ac_cv_type_sighandler_t=yes
ac_cv_type_uid_t=yes
ac_cv_type_unsigned_long_long_int=yes
ac_cv_type_volatile_sig_atomic_t=yes
ac_cv_working_alloca_h=yes
am_cv_CC_dependencies_compiler_type=gcc3
gl_cv_c_multiarch=no
gl_cv_decl_null_works=yes
gl_cv_func_memchr_works=yes
gl_cv_func_memmem_works_always=yes
gl_cv_func_memmem_works_fast=yes
gl_cv_func_sigprocmask=1
gl_cv_have_include_next=yes
gl_cv_have_raw_decl_memmem=yes
gl_cv_have_raw_decl_mempcpy=yes
gl_cv_have_raw_decl_memrchr=yes
gl_cv_have_raw_decl_rawmemchr=yes
gl_cv_have_raw_decl_sigaction=yes
gl_cv_have_raw_decl_sigaddset=yes
gl_cv_have_raw_decl_sigdelset=yes
gl_cv_have_raw_decl_sigemptyset=yes
gl_cv_have_raw_decl_sigfillset=yes
gl_cv_have_raw_decl_sigismember=yes
gl_cv_have_raw_decl_sigpending=yes
gl_cv_have_raw_decl_sigprocmask=yes
gl_cv_have_raw_decl_stpcpy=yes
gl_cv_have_raw_decl_stpncpy=yes
gl_cv_have_raw_decl_strcasestr=yes
gl_cv_have_raw_decl_strchrnul=yes
gl_cv_have_raw_decl_strdup=yes
gl_cv_have_raw_decl_strerror_r=yes
gl_cv_have_raw_decl_strncat=yes
gl_cv_have_raw_decl_strndup=yes
gl_cv_have_raw_decl_strnlen=yes
gl_cv_have_raw_decl_strpbrk=yes
gl_cv_have_raw_decl_strsep=yes
gl_cv_have_raw_decl_strsignal=yes
gl_cv_have_raw_decl_strtok_r=yes
gl_cv_have_raw_decl_strverscmp=yes
gl_cv_header_working_stdint_h=yes
gl_cv_next_signal_h='<signal.h>'
gl_cv_next_stdint_h='<stdint.h>'
gl_cv_next_string_h='<string.h>'
gl_cv_pragma_columns=no
gt_cv_c_wchar_t=yes
lt_cv_deplibs_check_method=pass_all
lt_cv_file_magic_cmd='$MAGIC_CMD'
lt_cv_file_magic_test_file=
lt_cv_ld_reload_flag=-r
lt_cv_nm_interface='BSD nm'
lt_cv_objdir=.libs
lt_cv_path_LD=/usr/bin/ld
lt_cv_path_NM='/usr/bin/nm -B'
lt_cv_prog_compiler_c_o=yes
lt_cv_prog_compiler_pic_works=yes
lt_cv_prog_compiler_rtti_exceptions=no
lt_cv_prog_compiler_static_works=yes
lt_cv_prog_gnu_ld=yes
lt_cv_sys_global_symbol_pipe='sed -n -e '\''s/^.*[	 ]\([ABCDGIRSTW][ABCDGIRSTW]*\)[	 ][	 ]*\([_A-Za-z][_A-Za-z0-9]*\)$/\1 \2 \2/p'\'''
lt_cv_sys_global_symbol_to_c_name_address='sed -n -e '\''s/^: \([^ ]*\) $/  {\"\1\", (void *) 0},/p'\'' -e '\''s/^[ABCDGIRSTW]* \([^ ]*\) \([^ ]*\)$/  {"\2", (void *) \&\2},/p'\'''
lt_cv_sys_global_symbol_to_c_name_address_lib_prefix='sed -n -e '\''s/^: \([^ ]*\) $/  {\"\1\", (void *) 0},/p'\'' -e '\''s/^[ABCDGIRSTW]* \([^ ]*\) \(lib[^ ]*\)$/  {"\2", (void *) \&\2},/p'\'' -e '\''s/^[ABCDGIRSTW]* \([^ ]*\) \([^ ]*\)$/  {"lib\2", (void *) \&\2},/p'\'''
lt_cv_sys_global_symbol_to_cdecl='sed -n -e '\''s/^T .* \(.*\)$/extern int \1();/p'\'' -e '\''s/^[ABCDGIRSTW]* .* \(.*\)$/extern char \1;/p'\'''
lt_cv_sys_max_cmd_len=1572864
pkg_cv_LIBCURL_CFLAGS=' '
pkg_cv_LIBCURL_LIBS='-lcurl  '

## ----------------- ##
## Output variables. ##
## ----------------- ##

ACLOCAL='${SHELL} /opt/sph-sgminer_fresh/missing --run aclocal-1.11'
ADL_CPPFLAGS='-I.'
ALLOCA=''
AMDEPBACKSLASH='\'
AMDEP_FALSE='#'
AMDEP_TRUE=''
AMTAR='${SHELL} /opt/sph-sgminer_fresh/missing --run tar'
AM_BACKSLASH='\'
AM_DEFAULT_VERBOSITY='0'
APPLE_UNIVERSAL_BUILD='0'
AR='ar'
AUTOCONF='${SHELL} /opt/sph-sgminer_fresh/missing --run autoconf'
AUTOHEADER='${SHELL} /opt/sph-sgminer_fresh/missing --run autoheader'
AUTOMAKE='${SHELL} /opt/sph-sgminer_fresh/missing --run automake-1.11'
AWK='mawk'
BITSIZEOF_PTRDIFF_T=''
BITSIZEOF_SIG_ATOMIC_T=''
BITSIZEOF_SIZE_T=''
BITSIZEOF_WCHAR_T=''
BITSIZEOF_WINT_T=''
CC='gcc'
CCDEPMODE='depmode=gcc3'
CFLAGS='-O2 -Wall -march=native'
CPP='gcc -E'
CPPFLAGS=''
CYGPATH_W='echo'
DEFS='-DHAVE_CONFIG_H'
DEPDIR='.deps'
DLOPEN_FLAGS='-ldl'
DSYMUTIL=''
DUMPBIN=''
ECHO_C=''
ECHO_N='-n'
ECHO_T=''
EGREP='/bin/grep -E'
EXEEXT=''
FGREP='/bin/grep -F'
GIT='git'
GL_COND_LIBTOOL_FALSE=''
GL_COND_LIBTOOL_TRUE='#'
GL_GENERATE_STDDEF_H_FALSE=''
GL_GENERATE_STDDEF_H_TRUE='#'
GL_GENERATE_STDINT_H_FALSE=''
GL_GENERATE_STDINT_H_TRUE='#'
GNULIB_MBSCASECMP='0'
GNULIB_MBSCASESTR='0'
GNULIB_MBSCHR='0'
GNULIB_MBSCSPN='0'
GNULIB_MBSLEN='0'
GNULIB_MBSNCASECMP='0'
GNULIB_MBSNLEN='0'
GNULIB_MBSPBRK='0'
GNULIB_MBSPCASECMP='0'
GNULIB_MBSRCHR='0'
GNULIB_MBSSEP='0'
GNULIB_MBSSPN='0'
GNULIB_MBSSTR='0'
GNULIB_MBSTOK_R='0'
GNULIB_MEMCHR='1'
GNULIB_MEMMEM='1'
GNULIB_MEMPCPY='0'
GNULIB_MEMRCHR='0'
GNULIB_RAWMEMCHR='0'
GNULIB_SIGACTION='1'
GNULIB_SIGNAL_H_SIGPIPE='0'
GNULIB_SIGPROCMASK='1'
GNULIB_STPCPY='0'
GNULIB_STPNCPY='0'
GNULIB_STRCASESTR='0'
GNULIB_STRCHRNUL='0'
GNULIB_STRDUP='0'
GNULIB_STRERROR='0'
GNULIB_STRERROR_R='0'
GNULIB_STRNCAT='0'
GNULIB_STRNDUP='0'
GNULIB_STRNLEN='0'
GNULIB_STRPBRK='0'
GNULIB_STRSEP='0'
GNULIB_STRSIGNAL='0'
GNULIB_STRSTR='0'
GNULIB_STRTOK_R='0'
GNULIB_STRVERSCMP='0'
GREP='/bin/grep'
HAVE_CURSES_FALSE='#'
HAVE_CURSES_TRUE=''
HAVE_DECL_MEMMEM='1'
HAVE_DECL_MEMRCHR='1'
HAVE_DECL_STRDUP='1'
HAVE_DECL_STRERROR_R='1'
HAVE_DECL_STRNDUP='1'
HAVE_DECL_STRNLEN='1'
HAVE_DECL_STRSIGNAL='1'
HAVE_DECL_STRTOK_R='1'
HAVE_INTTYPES_H='1'
HAVE_LONG_LONG_INT='1'
HAVE_MBSLEN='0'
HAVE_MEMCHR='1'
HAVE_MEMPCPY='1'
HAVE_POSIX_SIGNALBLOCKING='1'
HAVE_RAWMEMCHR='1'
HAVE_SIGACTION='1'
HAVE_SIGHANDLER_T='1'
HAVE_SIGINFO_T='1'
HAVE_SIGNED_SIG_ATOMIC_T=''
HAVE_SIGNED_WCHAR_T=''
HAVE_SIGNED_WINT_T=''
HAVE_SIGSET_T='1'
HAVE_STDINT_H='1'
HAVE_STPCPY='1'
HAVE_STPNCPY='1'
HAVE_STRCASESTR='1'
HAVE_STRCHRNUL='1'
HAVE_STRPBRK='1'
HAVE_STRSEP='1'
HAVE_STRUCT_SIGACTION_SA_SIGACTION='1'
HAVE_STRVERSCMP='1'
HAVE_SYS_BITYPES_H=''
HAVE_SYS_INTTYPES_H=''
HAVE_SYS_TYPES_H='1'
HAVE_TYPE_VOLATILE_SIG_ATOMIC_T='1'
HAVE_UNSIGNED_LONG_LONG_INT='1'
HAVE_WCHAR_H='1'
HAVE_WCHAR_T='1'
HAVE_WINDOWS_FALSE=''
HAVE_WINDOWS_TRUE='#'
HAVE_x86_64_FALSE=''
HAVE_x86_64_TRUE='#'
INCLUDE_NEXT='include_next'
INCLUDE_NEXT_AS_FIRST_DIRECTIVE='include_next'
INSTALL_DATA='${INSTALL} -m 644'
INSTALL_PROGRAM='${INSTALL}'
INSTALL_SCRIPT='${INSTALL}'
INSTALL_STRIP_PROGRAM='$(install_sh) -c -s'
JANSSON_LIBS='compat/jansson-2.5/src/.libs/libjansson.a'
LD='/usr/bin/ld'
LDFLAGS=''
LIBCURL_CFLAGS=' '
LIBCURL_LIBS='-lcurl  '
LIBGNU_LIBDEPS=''
LIBGNU_LTLIBDEPS=''
LIBOBJS=''
LIBS='-lncurses -lpthread '
LIBTOOL='$(SHELL) $(top_builddir)/libtool'
LIPO=''
LN_S='ln -s'
LTLIBOBJS=''
MAINT='#'
MAINTAINER_MODE_FALSE=''
MAINTAINER_MODE_TRUE='#'
MAKEINFO='${SHELL} /opt/sph-sgminer_fresh/missing --run makeinfo'
MATH_LIBS='-lm'
MKDIR_P='/bin/mkdir -p'
MM_LIBS=''
NCURSES_LIBS=''
NEXT_AS_FIRST_DIRECTIVE_SIGNAL_H='<signal.h>'
NEXT_AS_FIRST_DIRECTIVE_STDDEF_H=''
NEXT_AS_FIRST_DIRECTIVE_STDINT_H='<stdint.h>'
NEXT_AS_FIRST_DIRECTIVE_STRING_H='<string.h>'
NEXT_SIGNAL_H='<signal.h>'
NEXT_STDDEF_H=''
NEXT_STDINT_H='<stdint.h>'
NEXT_STRING_H='<string.h>'
NM='/usr/bin/nm -B'
NMEDIT=''
OBJDUMP='objdump'
OBJEXT='o'
OPENCL_FLAGS='-I/opt/AMDAPP/include '
OPENCL_LIBS='-L/opt/AMDAPP/lib/x86 -lOpenCL'
OTOOL64=''
OTOOL=''
PACKAGE='sgminer'
PACKAGE_BUGREPORT='veox@wemakethings.net'
PACKAGE_NAME='sgminer'
PACKAGE_STRING='sgminer 4.1.0'
PACKAGE_TARNAME='sgminer'
PACKAGE_URL='https://github.com/veox/sgminer'
PACKAGE_VERSION='4.1.0'
PATH_SEPARATOR=':'
PDCURSES_LIBS=''
PKG_CONFIG='/usr/bin/pkg-config'
PKG_CONFIG_LIBDIR=''
PKG_CONFIG_PATH=''
PRAGMA_COLUMNS=''
PRAGMA_SYSTEM_HEADER='#pragma GCC system_header'
PTHREAD_FLAGS='-lpthread'
PTHREAD_LIBS='-lpthread'
PTRDIFF_T_SUFFIX=''
RANLIB='ranlib'
REPLACE_MEMCHR='0'
REPLACE_MEMMEM='0'
REPLACE_NULL='0'
REPLACE_STPNCPY='0'
REPLACE_STRCASESTR='0'
REPLACE_STRCHRNUL='0'
REPLACE_STRDUP='0'
REPLACE_STRERROR='0'
REPLACE_STRERROR_R='0'
REPLACE_STRNCAT='0'
REPLACE_STRNDUP='0'
REPLACE_STRNLEN='0'
REPLACE_STRSIGNAL='0'
REPLACE_STRSTR='0'
REPLACE_STRTOK_R='0'
RT_LIBS='-lrt'
SED='/bin/sed'
SET_MAKE=''
SHELL='/bin/bash'
SIG_ATOMIC_T_SUFFIX=''
SIZE_T_SUFFIX=''
STDDEF_H=''
STDINT_H=''
STRIP='strip'
UNDEFINE_STRTOK_R='0'
USE_GIT_VERSION_FALSE='#'
USE_GIT_VERSION_TRUE=''
VERSION='4.1.0'
VMAJ='4'
WCHAR_T_SUFFIX=''
WINT_T_SUFFIX=''
WS2_LIBS=''
ac_ct_CC='gcc'
ac_ct_DUMPBIN=''
am__EXEEXT_FALSE=''
am__EXEEXT_TRUE='#'
am__fastdepCC_FALSE='#'
am__fastdepCC_TRUE=''
am__include='include'
am__isrc=''
am__leading_dot='.'
am__quote=''
am__tar='${AMTAR} chof - "$$tardir"'
am__untar='${AMTAR} xf -'
bindir='${exec_prefix}/bin'
build='i686-pc-linux-gnu'
build_alias=''
build_cpu='i686'
build_os='linux-gnu'
build_vendor='pc'
datadir='${datarootdir}'
datarootdir='${prefix}/share'
docdir='${datarootdir}/doc/${PACKAGE_TARNAME}'
dvidir='${docdir}'
exec_prefix='${prefix}'
gl_LIBOBJS=''
gl_LTLIBOBJS=''
gltests_LIBOBJS=''
gltests_LTLIBOBJS=''
gltests_WITNESS='IN_SGMINER_GNULIB_TESTS'
host='i686-pc-linux-gnu'
host_alias=''
host_cpu='i686'
host_os='linux-gnu'
host_vendor='pc'
htmldir='${docdir}'
includedir='${prefix}/include'
infodir='${datarootdir}/info'
install_sh='${SHELL} /opt/sph-sgminer_fresh/install-sh'
libdir='${exec_prefix}/lib'
libexecdir='${exec_prefix}/libexec'
localedir='${datarootdir}/locale'
localstatedir='${prefix}/var'
lt_ECHO='echo'
mandir='${datarootdir}/man'
mkdir_p='/bin/mkdir -p'
oldincludedir='/usr/include'
pdfdir='${docdir}'
prefix='/usr/local'
program_transform_name='s,x,x,'
psdir='${docdir}'
release_info=''
sbindir='${exec_prefix}/sbin'
sharedstatedir='${prefix}/com'
subdirs=' compat/jansson-2.5'
sysconfdir='${prefix}/etc'
target='i686-pc-linux-gnu'
target_alias=''
target_cpu='i686'
target_os='linux-gnu'
target_vendor='pc'
version_info='5:0:1'

## ----------- ##
## confdefs.h. ##
## ----------- ##

/* confdefs.h */
#define PACKAGE_NAME "sgminer"
#define PACKAGE_TARNAME "sgminer"
#define PACKAGE_VERSION "4.1.0"
#define PACKAGE_STRING "sgminer 4.1.0"
#define PACKAGE_BUGREPORT "veox@wemakethings.net"
#define PACKAGE_URL "https://github.com/veox/sgminer"
#define PACKAGE "sgminer"
#define VERSION "4.1.0"
#define STDC_HEADERS 1
#define HAVE_SYS_TYPES_H 1
#define HAVE_SYS_STAT_H 1
#define HAVE_STDLIB_H 1
#define HAVE_STRING_H 1
#define HAVE_MEMORY_H 1
#define HAVE_STRINGS_H 1
#define HAVE_INTTYPES_H 1
#define HAVE_STDINT_H 1
#define HAVE_UNISTD_H 1
#define __EXTENSIONS__ 1
#define _ALL_SOURCE 1
#define _GNU_SOURCE 1
#define _POSIX_PTHREAD_SEMANTICS 1
#define _TANDEM_SOURCE 1
#define SGMINER_MAJOR_VERSION 4
#define SGMINER_MINOR_VERSION 1
#define SGMINER_MINOR_SUBVERSION 0
#define HAVE_DLFCN_H 1
#define LT_OBJDIR ".libs/"
#define HAVE_SYS_MMAN_H 1
#define HAVE_WCHAR_H 1
#define HAVE_STDINT_H 1
#define HAVE_MPROTECT 1
#define HAVE_SIGACTION 1
#define HAVE_SIGALTSTACK 1
#define HAVE_SIGINTERRUPT 1
#define HAVE_MAP_ANONYMOUS 1
#define HAVE_DECL_MEMMEM 1
#define HAVE_MEMMEM 1
#define restrict __restrict
#define HAVE_WCHAR_T 1
#define HAVE_UNSIGNED_LONG_LONG_INT 1
#define HAVE_LONG_LONG_INT 1
#define HAVE_RAW_DECL_MEMMEM 1
#define HAVE_RAW_DECL_MEMPCPY 1
#define HAVE_RAW_DECL_MEMRCHR 1
#define HAVE_RAW_DECL_RAWMEMCHR 1
#define HAVE_RAW_DECL_STPCPY 1
#define HAVE_RAW_DECL_STPNCPY 1
#define HAVE_RAW_DECL_STRCHRNUL 1
#define HAVE_RAW_DECL_STRDUP 1
#define HAVE_RAW_DECL_STRNCAT 1
#define HAVE_RAW_DECL_STRNDUP 1
#define HAVE_RAW_DECL_STRNLEN 1
#define HAVE_RAW_DECL_STRPBRK 1
#define HAVE_RAW_DECL_STRSEP 1
#define HAVE_RAW_DECL_STRCASESTR 1
#define HAVE_RAW_DECL_STRTOK_R 1
#define HAVE_RAW_DECL_STRERROR_R 1
#define HAVE_RAW_DECL_STRSIGNAL 1
#define HAVE_RAW_DECL_STRVERSCMP 1
#define GNULIB_TEST_MEMCHR 1
#define HAVE_MEMMEM 1
#define GNULIB_TEST_MEMMEM 1
#define HAVE_STRUCT_SIGACTION_SA_SIGACTION 1
#define GNULIB_TEST_SIGACTION 1
#define HAVE_RAW_DECL_SIGACTION 1
#define HAVE_RAW_DECL_SIGADDSET 1
#define HAVE_RAW_DECL_SIGDELSET 1
#define HAVE_RAW_DECL_SIGEMPTYSET 1
#define HAVE_RAW_DECL_SIGFILLSET 1
#define HAVE_RAW_DECL_SIGISMEMBER 1
#define HAVE_RAW_DECL_SIGPENDING 1
#define HAVE_RAW_DECL_SIGPROCMASK 1
#define GNULIB_TEST_SIGPROCMASK 1
#define STDC_HEADERS 1
#define HAVE_SYSLOG_H 1
#define HAVE_ALLOCA_H 1
#define HAVE_ALLOCA 1
#define HAVE_LIBPTHREAD 1
#define HAVE_ADL 1
#define HAVE_CURSES 1
#define HAVE_LIBCURL 1
#define USE_GIT_VERSION 1
#define EXECV_2ND_ARG_TYPE const char* const*
#define HAVE_ATTRIBUTE_COLD 1
#define HAVE_ATTRIBUTE_CONST 1
#define HAVE_ATTRIBUTE_NORETURN 1
#define HAVE_ATTRIBUTE_PRINTF 1
#define HAVE_ATTRIBUTE_UNUSED 1
#define HAVE_ATTRIBUTE_USED 1
#define HAVE_BUILTIN_CONSTANT_P 1
#define HAVE_BUILTIN_TYPES_COMPATIBLE_P 1
#define HAVE_WARN_UNUSED_RESULT 1
#define SGMINER_PREFIX "/usr/local/bin"
#define ALEXKARNEW_KERNNAME "alexkarnew"
#define ALEXKAROLD_KERNNAME "alexkarold"
#define CKOLIVAS_KERNNAME "ckolivas"
#define ZUIKKIS_KERNNAME "zuikkis"
#define PSW_KERNNAME "psw"
#define DARKCOIN_KERNNAME "darkcoin"
#define QUBITCOIN_KERNNAME "qubitcoin"
#define FRESH_KERNNAME "fresh"
#define QUARKCOIN_KERNNAME "quarkcoin"
#define MYRIADCOIN_GROESTL_KERNNAME "myriadcoin-groestl"
#define FUGUECOIN_KERNNAME "fuguecoin"
#define INKCOIN_KERNNAME "inkcoin"
#define ANIMECOIN_KERNNAME "animecoin"
#define GROESTLCOIN_KERNNAME "groestlcoin"
#define SIFCOIN_KERNNAME "sifcoin"
#define TWECOIN_KERNNAME "twecoin"
#define MARUCOIN_KERNNAME "marucoin"
#define X11MOD_KERNNAME "x11mod"
#define X13MOD_KERNNAME "x13mod"
#define X13MODOLD_KERNNAME "x13modold"

configure: exit 0
